{
"/Users/jorgeucano/Documents/OSS/videogular2/src/core/services/vg-api.ts":{"path":"/Users/jorgeucano/Documents/OSS/videogular2/src/core/services/vg-api.ts","statementMap":{"1":{"start":{"line":1,"column":0},"end":{"line":1,"column":55}},"2":{"start":{"line":3,"column":0},"end":{"line":3,"column":45}},"3":{"start":{"line":14,"column":4},"end":{"line":16,"column":5}},"4":{"start":{"line":18,"column":4},"end":{"line":22,"column":5}},"5":{"start":{"line":19,"column":8},"end":{"line":19,"column":27}},"6":{"start":{"line":20,"column":8},"end":{"line":20,"column":34}},"7":{"start":{"line":21,"column":8},"end":{"line":21,"column":41}},"8":{"start":{"line":24,"column":4},"end":{"line":30,"column":5}},"9":{"start":{"line":25,"column":8},"end":{"line":29,"column":9}},"10":{"start":{"line":26,"column":12},"end":{"line":28,"column":13}},"11":{"start":{"line":27,"column":16},"end":{"line":27,"column":41}},"12":{"start":{"line":32,"column":4},"end":{"line":41,"column":5}},"13":{"start":{"line":33,"column":8},"end":{"line":33,"column":23}},"14":{"start":{"line":34,"column":8},"end":{"line":39,"column":9}},"15":{"start":{"line":35,"column":12},"end":{"line":38,"column":13}},"16":{"start":{"line":36,"column":16},"end":{"line":36,"column":41}},"17":{"start":{"line":37,"column":16},"end":{"line":37,"column":22}},"18":{"start":{"line":40,"column":8},"end":{"line":40,"column":48}},"19":{"start":{"line":43,"column":4},"end":{"line":52,"column":5}},"20":{"start":{"line":44,"column":8},"end":{"line":44,"column":27}},"21":{"start":{"line":45,"column":8},"end":{"line":50,"column":9}},"22":{"start":{"line":46,"column":12},"end":{"line":49,"column":13}},"23":{"start":{"line":47,"column":16},"end":{"line":47,"column":30}},"24":{"start":{"line":48,"column":16},"end":{"line":48,"column":22}},"25":{"start":{"line":51,"column":8},"end":{"line":51,"column":22}},"26":{"start":{"line":54,"column":4},"end":{"line":62,"column":5}},"27":{"start":{"line":54,"column":17},"end":{"line":54,"column":33}},"28":{"start":{"line":55,"column":8},"end":{"line":55,"column":36}},"29":{"start":{"line":57,"column":8},"end":{"line":59,"column":9}},"30":{"start":{"line":58,"column":12},"end":{"line":58,"column":25}},"31":{"start":{"line":61,"column":8},"end":{"line":61,"column":21}},"32":{"start":{"line":64,"column":4},"end":{"line":70,"column":5}},"33":{"start":{"line":65,"column":8},"end":{"line":69,"column":9}},"34":{"start":{"line":66,"column":12},"end":{"line":68,"column":13}},"35":{"start":{"line":67,"column":16},"end":{"line":67,"column":41}},"36":{"start":{"line":72,"column":4},"end":{"line":78,"column":5}},"37":{"start":{"line":73,"column":8},"end":{"line":77,"column":9}},"38":{"start":{"line":74,"column":12},"end":{"line":76,"column":13}},"39":{"start":{"line":75,"column":16},"end":{"line":75,"column":40}},"40":{"start":{"line":80,"column":4},"end":{"line":82,"column":5}},"41":{"start":{"line":81,"column":8},"end":{"line":81,"column":51}},"42":{"start":{"line":84,"column":4},"end":{"line":86,"column":5}},"43":{"start":{"line":89,"column":8},"end":{"line":89,"column":54}},"44":{"start":{"line":85,"column":8},"end":{"line":85,"column":56}},"45":{"start":{"line":92,"column":4},"end":{"line":94,"column":5}},"46":{"start":{"line":97,"column":8},"end":{"line":97,"column":48}},"47":{"start":{"line":93,"column":8},"end":{"line":93,"column":48}},"48":{"start":{"line":100,"column":4},"end":{"line":102,"column":5}},"49":{"start":{"line":105,"column":8},"end":{"line":105,"column":49}},"50":{"start":{"line":101,"column":8},"end":{"line":101,"column":50}},"51":{"start":{"line":108,"column":4},"end":{"line":110,"column":5}},"52":{"start":{"line":113,"column":8},"end":{"line":113,"column":55}},"53":{"start":{"line":109,"column":8},"end":{"line":109,"column":54}},"54":{"start":{"line":116,"column":4},"end":{"line":118,"column":5}},"55":{"start":{"line":117,"column":8},"end":{"line":117,"column":50}},"56":{"start":{"line":120,"column":4},"end":{"line":122,"column":5}},"57":{"start":{"line":121,"column":8},"end":{"line":121,"column":57}},"58":{"start":{"line":124,"column":4},"end":{"line":126,"column":5}},"59":{"start":{"line":125,"column":8},"end":{"line":125,"column":59}},"60":{"start":{"line":128,"column":4},"end":{"line":130,"column":5}},"61":{"start":{"line":129,"column":8},"end":{"line":129,"column":52}},"62":{"start":{"line":132,"column":4},"end":{"line":134,"column":5}},"63":{"start":{"line":133,"column":8},"end":{"line":133,"column":54}},"64":{"start":{"line":136,"column":4},"end":{"line":138,"column":5}},"65":{"start":{"line":137,"column":8},"end":{"line":137,"column":49}},"66":{"start":{"line":140,"column":4},"end":{"line":142,"column":5}},"67":{"start":{"line":141,"column":8},"end":{"line":141,"column":51}},"68":{"start":{"line":144,"column":4},"end":{"line":146,"column":5}},"69":{"start":{"line":145,"column":8},"end":{"line":145,"column":47}},"70":{"start":{"line":148,"column":4},"end":{"line":150,"column":5}},"71":{"start":{"line":149,"column":8},"end":{"line":149,"column":49}},"72":{"start":{"line":152,"column":4},"end":{"line":154,"column":5}},"73":{"start":{"line":153,"column":8},"end":{"line":153,"column":51}},"74":{"start":{"line":156,"column":4},"end":{"line":158,"column":5}},"75":{"start":{"line":157,"column":8},"end":{"line":157,"column":56}},"76":{"start":{"line":160,"column":4},"end":{"line":162,"column":5}},"77":{"start":{"line":161,"column":8},"end":{"line":161,"column":53}},"78":{"start":{"line":164,"column":4},"end":{"line":170,"column":5}},"79":{"start":{"line":164,"column":27},"end":{"line":164,"column":52}},"80":{"start":{"line":165,"column":8},"end":{"line":169,"column":9}},"81":{"start":{"line":166,"column":12},"end":{"line":168,"column":13}},"82":{"start":{"line":167,"column":16},"end":{"line":167,"column":65}},"83":{"start":{"line":172,"column":4},"end":{"line":188,"column":5}},"84":{"start":{"line":172,"column":42},"end":{"line":172,"column":67}},"85":{"start":{"line":173,"column":8},"end":{"line":173,"column":26}},"86":{"start":{"line":174,"column":8},"end":{"line":174,"column":45}},"87":{"start":{"line":176,"column":8},"end":{"line":185,"column":9}},"88":{"start":{"line":177,"column":12},"end":{"line":179,"column":13}},"89":{"start":{"line":178,"column":16},"end":{"line":178,"column":58}},"90":{"start":{"line":181,"column":12},"end":{"line":181,"column":44}},"91":{"start":{"line":184,"column":12},"end":{"line":184,"column":27}},"92":{"start":{"line":187,"column":8},"end":{"line":187,"column":35}},"93":{"start":{"line":190,"column":4},"end":{"line":196,"column":5}},"94":{"start":{"line":191,"column":8},"end":{"line":195,"column":9}},"95":{"start":{"line":192,"column":12},"end":{"line":194,"column":13}},"96":{"start":{"line":193,"column":16},"end":{"line":193,"column":78}},"97":{"start":{"line":197,"column":4},"end":{"line":199,"column":5}},"98":{"start":{"line":198,"column":8},"end":{"line":198,"column":50}},"99":{"start":{"line":201,"column":4},"end":{"line":244,"column":5}},"100":{"start":{"line":202,"column":8},"end":{"line":202,"column":26}},"101":{"start":{"line":203,"column":8},"end":{"line":203,"column":23}},"102":{"start":{"line":205,"column":8},"end":{"line":209,"column":9}},"103":{"start":{"line":206,"column":12},"end":{"line":208,"column":13}},"104":{"start":{"line":207,"column":16},"end":{"line":207,"column":49}},"105":{"start":{"line":211,"column":8},"end":{"line":211,"column":51}},"106":{"start":{"line":212,"column":8},"end":{"line":241,"column":9}},"107":{"start":{"line":215,"column":16},"end":{"line":228,"column":17}},"108":{"start":{"line":217,"column":24},"end":{"line":217,"column":52}},"109":{"start":{"line":218,"column":24},"end":{"line":218,"column":30}},"110":{"start":{"line":222,"column":24},"end":{"line":222,"column":35}},"111":{"start":{"line":223,"column":24},"end":{"line":223,"column":30}},"112":{"start":{"line":226,"column":24},"end":{"line":226,"column":65}},"113":{"start":{"line":227,"column":24},"end":{"line":227,"column":30}},"114":{"start":{"line":229,"column":16},"end":{"line":229,"column":22}},"115":{"start":{"line":233,"column":16},"end":{"line":233,"column":60}},"116":{"start":{"line":234,"column":16},"end":{"line":234,"column":56}},"117":{"start":{"line":235,"column":16},"end":{"line":235,"column":22}},"118":{"start":{"line":239,"column":16},"end":{"line":239,"column":51}},"119":{"start":{"line":240,"column":16},"end":{"line":240,"column":53}},"120":{"start":{"line":243,"column":8},"end":{"line":243,"column":22}},"121":{"start":{"line":246,"column":4},"end":{"line":252,"column":5}},"122":{"start":{"line":247,"column":8},"end":{"line":251,"column":9}},"123":{"start":{"line":248,"column":12},"end":{"line":250,"column":13}},"124":{"start":{"line":249,"column":16},"end":{"line":249,"column":54}},"125":{"start":{"line":254,"column":4},"end":{"line":256,"column":5}},"126":{"start":{"line":255,"column":8},"end":{"line":255,"column":38}},"127":{"start":{"line":258,"column":4},"end":{"line":260,"column":5}},"128":{"start":{"line":259,"column":8},"end":{"line":259,"column":38}},"129":{"start":{"line":262,"column":4},"end":{"line":264,"column":5}},"130":{"start":{"line":263,"column":8},"end":{"line":263,"column":37}},"131":{"start":{"line":7,"column":13},"end":{"line":7,"column":18}}},"fnMap":{"1":{"name":"VgAPI","line":14,"loc":{"start":{"line":14,"column":4},"end":{"line":null,"column":-1}}},"2":{"name":"(anonymous_3)","line":18,"loc":{"start":{"line":18,"column":4},"end":{"line":18,"column":40}}},"3":{"name":"(anonymous_4)","line":24,"loc":{"start":{"line":24,"column":4},"end":{"line":null,"column":-1}}},"4":{"name":"(anonymous_5)","line":32,"loc":{"start":{"line":32,"column":4},"end":{"line":null,"column":-1}}},"5":{"name":"(anonymous_6)","line":43,"loc":{"start":{"line":43,"column":4},"end":{"line":null,"column":-1}}},"6":{"name":"(anonymous_7)","line":54,"loc":{"start":{"line":54,"column":4},"end":{"line":54,"column":33}}},"7":{"name":"(anonymous_8)","line":64,"loc":{"start":{"line":64,"column":4},"end":{"line":null,"column":-1}}},"8":{"name":"(anonymous_9)","line":72,"loc":{"start":{"line":72,"column":4},"end":{"line":null,"column":-1}}},"9":{"name":"(anonymous_10)","line":80,"loc":{"start":{"line":80,"column":4},"end":{"line":null,"column":-1}}},"10":{"name":"(anonymous_11)","line":88,"loc":{"start":{"line":88,"column":4},"end":{"line":null,"column":-1}}},"11":{"name":"(anonymous_12)","line":84,"loc":{"start":{"line":84,"column":4},"end":{"line":84,"column":27}}},"12":{"name":"(anonymous_13)","line":96,"loc":{"start":{"line":96,"column":4},"end":{"line":null,"column":-1}}},"13":{"name":"(anonymous_14)","line":92,"loc":{"start":{"line":92,"column":4},"end":{"line":92,"column":19}}},"14":{"name":"(anonymous_15)","line":104,"loc":{"start":{"line":104,"column":4},"end":{"line":null,"column":-1}}},"15":{"name":"(anonymous_16)","line":100,"loc":{"start":{"line":100,"column":4},"end":{"line":100,"column":21}}},"16":{"name":"(anonymous_17)","line":112,"loc":{"start":{"line":112,"column":4},"end":{"line":null,"column":-1}}},"17":{"name":"(anonymous_18)","line":108,"loc":{"start":{"line":108,"column":4},"end":{"line":108,"column":25}}},"18":{"name":"(anonymous_19)","line":116,"loc":{"start":{"line":116,"column":4},"end":{"line":null,"column":-1}}},"19":{"name":"(anonymous_20)","line":120,"loc":{"start":{"line":120,"column":4},"end":{"line":null,"column":-1}}},"20":{"name":"(anonymous_21)","line":124,"loc":{"start":{"line":124,"column":4},"end":{"line":null,"column":-1}}},"21":{"name":"(anonymous_22)","line":128,"loc":{"start":{"line":128,"column":4},"end":{"line":null,"column":-1}}},"22":{"name":"(anonymous_23)","line":132,"loc":{"start":{"line":132,"column":4},"end":{"line":null,"column":-1}}},"23":{"name":"(anonymous_24)","line":136,"loc":{"start":{"line":136,"column":4},"end":{"line":null,"column":-1}}},"24":{"name":"(anonymous_25)","line":140,"loc":{"start":{"line":140,"column":4},"end":{"line":null,"column":-1}}},"25":{"name":"(anonymous_26)","line":144,"loc":{"start":{"line":144,"column":4},"end":{"line":null,"column":-1}}},"26":{"name":"(anonymous_27)","line":148,"loc":{"start":{"line":148,"column":4},"end":{"line":null,"column":-1}}},"27":{"name":"(anonymous_28)","line":152,"loc":{"start":{"line":152,"column":4},"end":{"line":null,"column":-1}}},"28":{"name":"(anonymous_29)","line":156,"loc":{"start":{"line":156,"column":4},"end":{"line":null,"column":-1}}},"29":{"name":"(anonymous_30)","line":160,"loc":{"start":{"line":160,"column":4},"end":{"line":null,"column":-1}}},"30":{"name":"(anonymous_31)","line":164,"loc":{"start":{"line":164,"column":4},"end":{"line":164,"column":52}}},"31":{"name":"(anonymous_32)","line":172,"loc":{"start":{"line":172,"column":4},"end":{"line":172,"column":67}}},"32":{"name":"(anonymous_33)","line":190,"loc":{"start":{"line":190,"column":4},"end":{"line":190,"column":61}}},"33":{"name":"(anonymous_34)","line":197,"loc":{"start":{"line":197,"column":4},"end":{"line":197,"column":80}}},"34":{"name":"(anonymous_35)","line":201,"loc":{"start":{"line":201,"column":4},"end":{"line":201,"column":38}}},"35":{"name":"(anonymous_36)","line":246,"loc":{"start":{"line":246,"column":4},"end":{"line":246,"column":49}}},"36":{"name":"(anonymous_37)","line":254,"loc":{"start":{"line":254,"column":4},"end":{"line":254,"column":36}}},"37":{"name":"(anonymous_38)","line":258,"loc":{"start":{"line":258,"column":4},"end":{"line":258,"column":33}}},"38":{"name":"(anonymous_39)","line":262,"loc":{"start":{"line":262,"column":4},"end":{"line":262,"column":35}}}},"branchMap":{"1":{"line":26,"type":"if","locations":[{"start":{"line":26,"column":12},"end":{"line":26,"column":11}},{"start":{"line":26,"column":12},"end":{"line":26,"column":11}}]},"2":{"line":35,"type":"if","locations":[{"start":{"line":35,"column":12},"end":{"line":35,"column":11}},{"start":{"line":35,"column":12},"end":{"line":35,"column":11}}]},"3":{"line":35,"type":"binary-expr","locations":[{"start":{"line":35,"column":16},"end":{"line":35,"column":50}},{"start":{"line":35,"column":54},"end":{"line":35,"column":86}}]},"4":{"line":40,"type":"binary-expr","locations":[{"start":{"line":40,"column":15},"end":{"line":40,"column":21}},{"start":{"line":40,"column":25},"end":{"line":40,"column":47}}]},"5":{"line":46,"type":"if","locations":[{"start":{"line":46,"column":12},"end":{"line":46,"column":11}},{"start":{"line":46,"column":12},"end":{"line":46,"column":11}}]},"6":{"line":46,"type":"binary-expr","locations":[{"start":{"line":46,"column":16},"end":{"line":46,"column":50}},{"start":{"line":46,"column":54},"end":{"line":46,"column":86}}]},"7":{"line":54,"type":"if","locations":[{"start":{"line":54,"column":17},"end":{"line":54,"column":16}},{"start":{"line":54,"column":17},"end":{"line":54,"column":16}}]},"8":{"line":57,"type":"if","locations":[{"start":{"line":57,"column":8},"end":{"line":57,"column":7}},{"start":{"line":57,"column":8},"end":{"line":57,"column":7}}]},"9":{"line":57,"type":"binary-expr","locations":[{"start":{"line":57,"column":12},"end":{"line":57,"column":15}},{"start":{"line":57,"column":19},"end":{"line":57,"column":29}}]},"10":{"line":66,"type":"if","locations":[{"start":{"line":66,"column":12},"end":{"line":66,"column":11}},{"start":{"line":66,"column":12},"end":{"line":66,"column":11}}]},"11":{"line":74,"type":"if","locations":[{"start":{"line":74,"column":12},"end":{"line":74,"column":11}},{"start":{"line":74,"column":12},"end":{"line":74,"column":11}}]},"12":{"line":164,"type":"if","locations":[{"start":{"line":164,"column":27},"end":{"line":164,"column":26}},{"start":{"line":164,"column":27},"end":{"line":164,"column":26}}]},"13":{"line":166,"type":"if","locations":[{"start":{"line":166,"column":12},"end":{"line":166,"column":11}},{"start":{"line":166,"column":12},"end":{"line":166,"column":11}}]},"14":{"line":172,"type":"if","locations":[{"start":{"line":172,"column":42},"end":{"line":172,"column":41}},{"start":{"line":172,"column":42},"end":{"line":172,"column":41}}]},"15":{"line":176,"type":"if","locations":[{"start":{"line":176,"column":8},"end":{"line":176,"column":7}},{"start":{"line":176,"column":8},"end":{"line":176,"column":7}}]},"16":{"line":177,"type":"if","locations":[{"start":{"line":177,"column":12},"end":{"line":177,"column":11}},{"start":{"line":177,"column":12},"end":{"line":177,"column":11}}]},"17":{"line":192,"type":"if","locations":[{"start":{"line":192,"column":12},"end":{"line":192,"column":11}},{"start":{"line":192,"column":12},"end":{"line":192,"column":11}}]},"18":{"line":206,"type":"if","locations":[{"start":{"line":206,"column":12},"end":{"line":206,"column":11}},{"start":{"line":206,"column":12},"end":{"line":206,"column":11}}]},"19":{"line":213,"type":"switch","locations":[{"start":{"line":213,"column":12},"end":{"line":229,"column":22}},{"start":{"line":231,"column":12},"end":{"line":235,"column":22}},{"start":{"line":237,"column":12},"end":{"line":240,"column":53}}]},"20":{"line":216,"type":"switch","locations":[{"start":{"line":216,"column":20},"end":{"line":218,"column":30}},{"start":{"line":220,"column":20},"end":{"line":220,"column":40}},{"start":{"line":221,"column":20},"end":{"line":223,"column":30}},{"start":{"line":225,"column":20},"end":{"line":227,"column":30}}]},"21":{"line":248,"type":"if","locations":[{"start":{"line":248,"column":12},"end":{"line":248,"column":11}},{"start":{"line":248,"column":12},"end":{"line":248,"column":11}}]}},"s":{"1":1,"2":1,"3":1,"4":1,"5":1,"6":1,"7":1,"8":1,"9":8,"10":8,"11":8,"12":1,"13":7,"14":7,"15":14,"16":1,"17":1,"18":7,"19":1,"20":1,"21":1,"22":0,"23":0,"24":0,"25":1,"26":1,"27":13,"28":8,"29":8,"30":6,"31":8,"32":1,"33":1,"34":2,"35":2,"36":1,"37":1,"38":2,"39":2,"40":1,"41":1,"42":1,"43":1,"44":1,"45":1,"46":8,"47":1,"48":1,"49":10,"50":5,"51":1,"52":2,"53":3,"54":1,"55":5,"56":1,"57":1,"58":1,"59":1,"60":1,"61":1,"62":1,"63":1,"64":1,"65":16,"66":1,"67":0,"68":1,"69":5,"70":1,"71":1,"72":1,"73":1,"74":1,"75":1,"76":1,"77":0,"78":1,"79":3,"80":2,"81":4,"82":4,"83":1,"84":3,"85":2,"86":2,"87":2,"88":1,"89":0,"90":1,"91":1,"92":2,"93":1,"94":0,"95":0,"96":0,"97":1,"98":0,"99":1,"100":43,"101":43,"102":43,"103":34,"104":34,"105":43,"106":43,"107":14,"108":0,"109":0,"110":0,"111":0,"112":4,"113":4,"114":14,"115":24,"116":24,"117":24,"118":5,"119":5,"120":43,"121":1,"122":7,"123":10,"124":10,"125":1,"126":5,"127":1,"128":4,"129":1,"130":1,"131":1},"b":{"1":[8,0],"2":[1,13],"3":[14,14],"4":[7,6],"5":[0,0],"6":[0,0],"7":[5,3],"8":[6,2],"9":[8,3],"10":[2,0],"11":[2,0],"12":[1,1],"13":[4,0],"14":[1,1],"15":[1,1],"16":[0,1],"17":[0,0],"18":[34,0],"19":[14,24,5],"20":[0,0,0,4],"21":[10,0]},"f":{"1":143,"2":1,"3":8,"4":7,"5":1,"6":8,"7":1,"8":1,"9":1,"10":1,"11":1,"12":8,"13":1,"14":10,"15":5,"16":2,"17":3,"18":5,"19":1,"20":1,"21":1,"22":1,"23":16,"24":0,"25":5,"26":1,"27":1,"28":1,"29":0,"30":2,"31":2,"32":0,"33":0,"34":43,"35":7,"36":5,"37":4,"38":1},"code":"import {Injectable, EventEmitter} from '@angular/core';\nimport {IPlayable} from \"../vg-media/i-playable\";\nimport {VgStates} from \"../states/vg-states\";\nimport { VgFullscreenAPI } from './vg-fullscreen-api';\n\n@Injectable()\nexport class VgAPI {\n    medias:Object = {};// TODO: refactor to Set<IPlayable> \n    videogularElement: any;\n    playerReadyEvent: EventEmitter<any> = new EventEmitter(true);\n    isPlayerReady: boolean = false;\n    fsAPI: VgFullscreenAPI;\n\n    constructor() {\n\n    }\n\n    onPlayerReady(fsAPI: VgFullscreenAPI) {\n        this.fsAPI = fsAPI;\n        this.isPlayerReady = true;\n        this.playerReadyEvent.emit(this);\n    }\n\n    getDefaultMedia():IPlayable {\n        for (let item in this.medias) {\n            if (this.medias[item]) {\n                return this.medias[item];\n            }\n        }\n    }\n\n    getMasterMedia():IPlayable {\n        let master:any;\n        for (let id in this.medias) {\n            if (this.medias[id].vgMedia === 'true' || this.medias[id].vgMedia === true) {\n                master = this.medias[id];\n                break;\n            }\n        }\n        return master || this.getDefaultMedia();\n    }\n\n    isMasterDefined():boolean {\n        let result = false;\n        for (let id in this.medias) {\n            if (this.medias[id].vgMedia === 'true' || this.medias[id].vgMedia === true) {\n                result = true;\n                break;\n            }\n        }\n        return result;\n    }\n\n    getMediaById(id:string = null):IPlayable {\n        let media = this.medias[id];\n\n        if (!id || id === '*') {\n            media = this;\n        }\n\n        return media;\n    }\n\n    play() {\n        for (let id in this.medias) {\n            if (this.medias[id]) {\n                this.medias[ id ].play();\n            }\n        }\n    }\n\n    pause() {\n        for (let id in this.medias) {\n            if (this.medias[id]) {\n                this.medias[id].pause();\n            }\n        }\n    }\n\n    get duration() {\n        return this.$$getAllProperties('duration');\n    }\n\n    set currentTime(seconds) {\n        this.$$setAllProperties('currentTime', seconds);\n    }\n\n    get currentTime() {\n        return this.$$getAllProperties('currentTime');\n    }\n\n    set state(state) {\n        this.$$setAllProperties('state', state);\n    }\n\n    get state() {\n        return this.$$getAllProperties('state');\n    }\n\n    set volume(volume) {\n        this.$$setAllProperties('volume', volume);\n    }\n\n    get volume() {\n        return this.$$getAllProperties('volume');\n    }\n\n    set playbackRate(rate) {\n        this.$$setAllProperties('playbackRate', rate);\n    }\n\n    get playbackRate() {\n        return this.$$getAllProperties('playbackRate');\n    }\n\n    get canPlay() {\n        return this.$$getAllProperties('canPlay');\n    }\n\n    get canPlayThrough() {\n        return this.$$getAllProperties('canPlayThrough');\n    }\n\n    get isMetadataLoaded() {\n        return this.$$getAllProperties('isMetadataLoaded');\n    }\n\n    get isWaiting() {\n        return this.$$getAllProperties('isWaiting');\n    }\n\n    get isCompleted() {\n        return this.$$getAllProperties('isCompleted');\n    }\n\n    get isLive() {\n        return this.$$getAllProperties('isLive');\n    }\n\n    get isMaster() {\n        return this.$$getAllProperties('isMaster');\n    }\n\n    get time() {\n        return this.$$getAllProperties('time');\n    }\n\n    get buffer() {\n        return this.$$getAllProperties('buffer');\n    }\n\n    get buffered() {\n        return this.$$getAllProperties('buffered');\n    }\n\n    get subscriptions() {\n        return this.$$getAllProperties('subscriptions');\n    }\n\n    get textTracks() {\n        return this.$$getAllProperties('textTracks');\n    }\n\n    seekTime(value:number, byPercent:boolean = false) {\n        for (let id in this.medias) {\n            if (this.medias[id]) {\n                this.$$seek(this.medias[ id ], value, byPercent);\n            }\n        }\n    }\n\n    $$seek(media:IPlayable, value:number, byPercent:boolean = false) {\n        let second:number;\n        let duration:number = media.duration;\n\n        if (byPercent) {\n            if (this.isMasterDefined()) {\n                duration = this.getMasterMedia().duration;\n            }\n\n            second = value * duration / 100;\n        }\n        else {\n            second = value;\n        }\n\n        media.currentTime = second;\n    }\n\n    addTextTrack(type:string, label?:string, language?:string) {\n        for (let id in this.medias) {\n            if (this.medias[id]) {\n                this.$$addTextTrack(this.medias[ id ], type, label, language);\n            }\n        }\n    }\n    $$addTextTrack(media:IPlayable, type:string, label?:string, language?:string) {\n        media.addTextTrack(type, label, language);\n    }\n\n    $$getAllProperties(property:string){\n        const medias = {};\n        let result:any;\n\n        for (let id in this.medias) {\n            if (this.medias[id]) {\n                medias[ id ] = this.medias[ id ];\n            }\n        }\n\n        const nMedias = Object.keys(medias).length;\n        switch (nMedias) {\n            case 0:\n                // Return default values until vgMedia is initialized\n                switch (property) {\n                    case 'state':\n                        result = VgStates.VG_PAUSED;\n                        break;\n\n                    case 'playbackRate':\n                    case 'volume':\n                        result = 1;\n                        break;\n\n                    case 'time':\n                        result = {current: 0, total: 0, left: 0};\n                        break;\n                }\n                break;\n\n            case 1:\n                // If there's only one media element then return the plain value\n                const firstMediaId = Object.keys(medias)[0];\n                result = medias[firstMediaId][property];\n                break;\n                \n            default:\n                // TODO: return 'master' value\n                let master = this.getMasterMedia();\n                result = medias[master.id][property];\n        }\n        \n        return result;\n    }\n\n    $$setAllProperties(property:string, value:any){\n        for (let id in this.medias) {\n            if (this.medias[id]) {\n                this.medias[ id ][ property ] = value;\n            }\n        }\n    }\n\n    registerElement(elem:HTMLElement) {\n        this.videogularElement = elem;\n    }\n\n    registerMedia(media:IPlayable) {\n        this.medias[media.id] = media;\n    }\n\n    unregisterMedia(media:IPlayable) {\n        delete this.medias[media.id];\n    }\n\n\n}\n","l":{"1":1,"3":1,"7":1,"14":1,"18":1,"19":1,"20":1,"21":1,"24":1,"25":8,"26":8,"27":8,"32":1,"33":7,"34":7,"35":14,"36":1,"37":1,"40":7,"43":1,"44":1,"45":1,"46":0,"47":0,"48":0,"51":1,"54":13,"55":8,"57":8,"58":6,"61":8,"64":1,"65":1,"66":2,"67":2,"72":1,"73":1,"74":2,"75":2,"80":1,"81":1,"84":1,"85":1,"89":1,"92":1,"93":1,"97":8,"100":1,"101":5,"105":10,"108":1,"109":3,"113":2,"116":1,"117":5,"120":1,"121":1,"124":1,"125":1,"128":1,"129":1,"132":1,"133":1,"136":1,"137":16,"140":1,"141":0,"144":1,"145":5,"148":1,"149":1,"152":1,"153":1,"156":1,"157":1,"160":1,"161":0,"164":3,"165":2,"166":4,"167":4,"172":3,"173":2,"174":2,"176":2,"177":1,"178":0,"181":1,"184":1,"187":2,"190":1,"191":0,"192":0,"193":0,"197":1,"198":0,"201":1,"202":43,"203":43,"205":43,"206":34,"207":34,"211":43,"212":43,"215":14,"217":0,"218":0,"222":0,"223":0,"226":4,"227":4,"229":14,"233":24,"234":24,"235":24,"239":5,"240":5,"243":43,"246":1,"247":7,"248":10,"249":10,"254":1,"255":5,"258":1,"259":4,"262":1,"263":1}},
"/Users/jorgeucano/Documents/OSS/videogular2/src/core/states/vg-states.ts":{"path":"/Users/jorgeucano/Documents/OSS/videogular2/src/core/states/vg-states.ts","statementMap":{"1":{"start":{"line":1,"column":0},"end":{"line":1,"column":41}},"2":{"start":{"line":4,"column":13},"end":{"line":4,"column":21}}},"fnMap":{},"branchMap":{},"s":{"1":1,"2":1},"b":{},"f":{},"code":"import {Injectable} from '@angular/core';\n\n@Injectable()\nexport class VgStates {\n    static VG_ENDED: string = 'ended';\n    static VG_PAUSED: string = 'paused';\n    static VG_PLAYING: string = 'playing';\n    static VG_LOADING: string = 'waiting';\n}\n","l":{"1":1,"4":1}},
"/Users/jorgeucano/Documents/OSS/videogular2/src/buffering/vg-buffering.ts":{"path":"/Users/jorgeucano/Documents/OSS/videogular2/src/buffering/vg-buffering.ts","statementMap":{"1":{"start":{"line":1,"column":0},"end":{"line":1,"column":112}},"2":{"start":{"line":2,"column":0},"end":{"line":2,"column":48}},"3":{"start":{"line":117,"column":4},"end":{"line":119,"column":5}},"4":{"start":{"line":117,"column":40},"end":{"line":117,"column":50}},"5":{"start":{"line":118,"column":8},"end":{"line":118,"column":38}},"6":{"start":{"line":121,"column":4},"end":{"line":130,"column":5}},"7":{"start":{"line":122,"column":8},"end":{"line":129,"column":9}},"8":{"start":{"line":123,"column":12},"end":{"line":123,"column":33}},"9":{"start":{"line":126,"column":12},"end":{"line":128,"column":14}},"10":{"start":{"line":127,"column":58},"end":{"line":127,"column":78}},"11":{"start":{"line":132,"column":4},"end":{"line":140,"column":5}},"12":{"start":{"line":133,"column":8},"end":{"line":133,"column":56}},"13":{"start":{"line":135,"column":8},"end":{"line":139,"column":10}},"14":{"start":{"line":137,"column":31},"end":{"line":137,"column":63}},"15":{"start":{"line":142,"column":4},"end":{"line":144,"column":5}},"16":{"start":{"line":143,"column":8},"end":{"line":143,"column":39}},"17":{"start":{"line":146,"column":4},"end":{"line":148,"column":5}},"18":{"start":{"line":147,"column":8},"end":{"line":147,"column":57}},"19":{"start":{"line":147,"column":40},"end":{"line":147,"column":55}},"20":{"start":{"line":104,"column":13},"end":{"line":104,"column":24}}},"fnMap":{"1":{"name":"VgBuffering","line":117,"loc":{"start":{"line":117,"column":4},"end":{"line":117,"column":50}}},"2":{"name":"(anonymous_3)","line":121,"loc":{"start":{"line":121,"column":4},"end":{"line":null,"column":-1}}},"3":{"name":"(anonymous_4)","line":127,"loc":{"start":{"line":127,"column":52},"end":{"line":127,"column":57}}},"4":{"name":"(anonymous_5)","line":132,"loc":{"start":{"line":132,"column":4},"end":{"line":null,"column":-1}}},"5":{"name":"(anonymous_6)","line":137,"loc":{"start":{"line":137,"column":16},"end":{"line":137,"column":27}}},"6":{"name":"(anonymous_7)","line":142,"loc":{"start":{"line":142,"column":4},"end":{"line":142,"column":30}}},"7":{"name":"(anonymous_8)","line":146,"loc":{"start":{"line":146,"column":4},"end":{"line":null,"column":-1}}},"8":{"name":"(anonymous_9)","line":147,"loc":{"start":{"line":147,"column":35},"end":{"line":147,"column":36}}}},"branchMap":{"1":{"line":122,"type":"if","locations":[{"start":{"line":122,"column":8},"end":{"line":122,"column":7}},{"start":{"line":122,"column":8},"end":{"line":122,"column":7}}]}},"s":{"1":1,"2":1,"3":1,"4":3,"5":3,"6":1,"7":0,"8":0,"9":0,"10":0,"11":2,"12":1,"13":1,"14":0,"15":1,"16":2,"17":1,"18":0,"19":0,"20":1},"b":{"1":[0,0]},"f":{"1":3,"2":0,"3":0,"4":1,"5":0,"6":2,"7":0,"8":0},"code":"import { Component, ElementRef, HostBinding, Input, OnDestroy, OnInit, ViewEncapsulation } from '@angular/core';\nimport { VgAPI } from '../core/services/vg-api';\nimport { IPlayable } from '../core/vg-media/i-playable';\nimport { VgStates } from '../core/states/vg-states';\nimport { Subscription } from 'rxjs/Subscription';\n\n@Component({\n    selector: 'vg-buffering',\n    encapsulation: ViewEncapsulation.None,\n    template: `<div class=\"vg-buffering\">\n            <div class=\"bufferingContainer\">\n                <div class=\"loadingSpinner\"></div>\n            </div>\n        </div>`,\n    styles: [ `\n        vg-buffering {\n            display: none;\n            z-index: 201;\n        }\n\n        vg-buffering.is-buffering {\n            display: block;\n        }\n        \n        .vg-buffering {\n            position: absolute;\n            display: block;\n            width: 100%;\n            height: 100%;\n        }\n\n        .vg-buffering .bufferingContainer {\n            width: 100%;\n            position: absolute;\n            cursor: pointer;\n            top: 50%;\n            margin-top: -50px;\n\n            zoom: 1;\n            filter: alpha(opacity=60);\n            opacity: 0.6;\n        }\n\n        /* Loading Spinner\n        * http://www.alessioatzeni.com/blog/css3-loading-animation-loop/\n        */\n        .vg-buffering .loadingSpinner {\n            background-color: rgba(0, 0, 0, 0);\n            border: 5px solid rgba(255, 255, 255, 1);\n            opacity: .9;\n            border-top: 5px solid rgba(0, 0, 0, 0);\n            border-left: 5px solid rgba(0, 0, 0, 0);\n            border-radius: 50px;\n            box-shadow: 0 0 35px #FFFFFF;\n            width: 50px;\n            height: 50px;\n            margin: 0 auto;\n            -moz-animation: spin .5s infinite linear;\n            -webkit-animation: spin .5s infinite linear;\n        }\n\n        .vg-buffering .loadingSpinner .stop {\n            -webkit-animation-play-state: paused;\n            -moz-animation-play-state: paused;\n        }\n\n        @-moz-keyframes spin {\n            0% {\n                -moz-transform: rotate(0deg);\n            }\n            100% {\n                -moz-transform: rotate(360deg);\n            }\n        }\n\n        @-moz-keyframes spinoff {\n            0% {\n                -moz-transform: rotate(0deg);\n            }\n            100% {\n                -moz-transform: rotate(-360deg);\n            }\n        }\n\n        @-webkit-keyframes spin {\n            0% {\n                -webkit-transform: rotate(0deg);\n            }\n            100% {\n                -webkit-transform: rotate(360deg);\n            }\n        }\n\n        @-webkit-keyframes spinoff {\n            0% {\n                -webkit-transform: rotate(0deg);\n            }\n            100% {\n                -webkit-transform: rotate(-360deg);\n            }\n        }\n    ` ]\n})\nexport class VgBuffering implements OnInit, OnDestroy {\n    @Input() vgFor: string;\n\n    elem: HTMLElement;\n    target: IPlayable;\n    checkInterval: number = 50;\n    currentPlayPos: number = 0;\n    lastPlayPos: number = 0;\n\n    subscriptions: Subscription[] = [];\n\n    @HostBinding('class.is-buffering') isBuffering: boolean = false;\n\n    constructor(ref: ElementRef, public API: VgAPI) {\n        this.elem = ref.nativeElement;\n    }\n\n    ngOnInit() {\n        if (this.API.isPlayerReady) {\n            this.onPlayerReady();\n        }\n        else {\n            this.subscriptions.push(\n                this.API.playerReadyEvent.subscribe(() => this.onPlayerReady())\n            );\n        }\n    }\n\n    onPlayerReady() {\n        this.target = this.API.getMediaById(this.vgFor);\n\n        this.subscriptions.push(\n            this.target.subscriptions.bufferDetected.subscribe(\n                isBuffering => this.onUpdateBuffer(isBuffering)\n            )\n        );\n    }\n\n    onUpdateBuffer(isBuffering) {\n        this.isBuffering = isBuffering;\n    }\n\n    ngOnDestroy() {\n        this.subscriptions.forEach(s => s.unsubscribe());\n    }\n}\n","l":{"1":1,"2":1,"104":1,"117":3,"118":3,"121":1,"122":0,"123":0,"126":0,"127":0,"132":2,"133":1,"135":1,"137":0,"142":1,"143":2,"146":1,"147":0}},
"/Users/jorgeucano/Documents/OSS/videogular2/src/core/services/vg-controls-hidden.ts":{"path":"/Users/jorgeucano/Documents/OSS/videogular2/src/core/services/vg-controls-hidden.ts","statementMap":{"1":{"start":{"line":1,"column":0},"end":{"line":1,"column":39}},"2":{"start":{"line":3,"column":0},"end":{"line":3,"column":43}},"3":{"start":{"line":11,"column":4},"end":{"line":13,"column":5}},"4":{"start":{"line":12,"column":8},"end":{"line":12,"column":60}},"5":{"start":{"line":15,"column":4},"end":{"line":17,"column":5}},"6":{"start":{"line":16,"column":8},"end":{"line":16,"column":42}},"7":{"start":{"line":6,"column":13},"end":{"line":6,"column":29}}},"fnMap":{"1":{"name":"VgControlsHidden","line":11,"loc":{"start":{"line":11,"column":4},"end":{"line":null,"column":-1}}},"2":{"name":"(anonymous_3)","line":15,"loc":{"start":{"line":15,"column":4},"end":{"line":15,"column":25}}}},"branchMap":{},"s":{"1":1,"2":1,"3":1,"4":26,"5":1,"6":4,"7":1},"b":{},"f":{"1":26,"2":4},"code":"import { Subject } from 'rxjs/Subject';\nimport { Observable } from 'rxjs/Observable';\nimport { Injectable } from '@angular/core';\n\n@Injectable()\nexport class VgControlsHidden {\n    isHidden: Observable<boolean>;\n\n    private isHiddenSubject: Subject<boolean> = new Subject<boolean>();\n\n    constructor() {\n        this.isHidden = this.isHiddenSubject.asObservable();\n    }\n\n    state(hidden: boolean) {\n        this.isHiddenSubject.next(hidden);\n    }\n}\n","l":{"1":1,"3":1,"6":1,"11":1,"12":26,"15":1,"16":4}},
"/Users/jorgeucano/Documents/OSS/videogular2/src/controls/vg-mute/vg-mute.ts":{"path":"/Users/jorgeucano/Documents/OSS/videogular2/src/controls/vg-mute/vg-mute.ts","statementMap":{"1":{"start":{"line":1,"column":0},"end":{"line":1,"column":113}},"2":{"start":{"line":2,"column":0},"end":{"line":2,"column":51}},"3":{"start":{"line":53,"column":4},"end":{"line":55,"column":5}},"4":{"start":{"line":53,"column":40},"end":{"line":53,"column":50}},"5":{"start":{"line":54,"column":8},"end":{"line":54,"column":38}},"6":{"start":{"line":57,"column":4},"end":{"line":64,"column":5}},"7":{"start":{"line":58,"column":8},"end":{"line":63,"column":9}},"8":{"start":{"line":59,"column":12},"end":{"line":59,"column":33}},"9":{"start":{"line":62,"column":12},"end":{"line":62,"column":101}},"10":{"start":{"line":62,"column":78},"end":{"line":62,"column":98}},"11":{"start":{"line":66,"column":4},"end":{"line":69,"column":5}},"12":{"start":{"line":67,"column":8},"end":{"line":67,"column":56}},"13":{"start":{"line":68,"column":8},"end":{"line":68,"column":48}},"14":{"start":{"line":73,"column":8},"end":{"line":73,"column":31}},"15":{"start":{"line":79,"column":8},"end":{"line":82,"column":9}},"16":{"start":{"line":80,"column":12},"end":{"line":80,"column":35}},"17":{"start":{"line":81,"column":12},"end":{"line":81,"column":35}},"18":{"start":{"line":85,"column":4},"end":{"line":95,"column":5}},"19":{"start":{"line":86,"column":8},"end":{"line":86,"column":38}},"20":{"start":{"line":88,"column":8},"end":{"line":94,"column":9}},"21":{"start":{"line":89,"column":12},"end":{"line":89,"column":52}},"22":{"start":{"line":92,"column":12},"end":{"line":92,"column":40}},"23":{"start":{"line":93,"column":12},"end":{"line":93,"column":35}},"24":{"start":{"line":97,"column":4},"end":{"line":101,"column":5}},"25":{"start":{"line":98,"column":8},"end":{"line":98,"column":60}},"26":{"start":{"line":99,"column":8},"end":{"line":99,"column":54}},"27":{"start":{"line":100,"column":8},"end":{"line":100,"column":22}},"28":{"start":{"line":103,"column":4},"end":{"line":105,"column":5}},"29":{"start":{"line":104,"column":8},"end":{"line":104,"column":57}},"30":{"start":{"line":104,"column":40},"end":{"line":104,"column":55}},"31":{"start":{"line":42,"column":13},"end":{"line":42,"column":19}}},"fnMap":{"1":{"name":"VgMute","line":53,"loc":{"start":{"line":53,"column":4},"end":{"line":53,"column":50}}},"2":{"name":"(anonymous_3)","line":57,"loc":{"start":{"line":57,"column":4},"end":{"line":null,"column":-1}}},"3":{"name":"(anonymous_4)","line":62,"loc":{"start":{"line":62,"column":72},"end":{"line":62,"column":77}}},"4":{"name":"(anonymous_5)","line":66,"loc":{"start":{"line":66,"column":4},"end":{"line":null,"column":-1}}},"5":{"name":"(anonymous_6)","line":72,"loc":{"start":{"line":72,"column":11},"end":{"line":null,"column":-1}}},"6":{"name":"(anonymous_7)","line":77,"loc":{"start":{"line":77,"column":13},"end":{"line":77,"column":34}}},"7":{"name":"(anonymous_8)","line":85,"loc":{"start":{"line":85,"column":4},"end":{"line":null,"column":-1}}},"8":{"name":"(anonymous_9)","line":97,"loc":{"start":{"line":97,"column":4},"end":{"line":null,"column":-1}}},"9":{"name":"(anonymous_10)","line":103,"loc":{"start":{"line":103,"column":4},"end":{"line":null,"column":-1}}},"10":{"name":"(anonymous_11)","line":104,"loc":{"start":{"line":104,"column":35},"end":{"line":104,"column":36}}}},"branchMap":{"1":{"line":58,"type":"if","locations":[{"start":{"line":58,"column":8},"end":{"line":58,"column":7}},{"start":{"line":58,"column":8},"end":{"line":58,"column":7}}]},"2":{"line":79,"type":"if","locations":[{"start":{"line":79,"column":8},"end":{"line":79,"column":7}},{"start":{"line":79,"column":8},"end":{"line":79,"column":7}}]},"3":{"line":79,"type":"binary-expr","locations":[{"start":{"line":79,"column":12},"end":{"line":79,"column":32}},{"start":{"line":79,"column":36},"end":{"line":79,"column":56}}]},"4":{"line":88,"type":"if","locations":[{"start":{"line":88,"column":8},"end":{"line":88,"column":7}},{"start":{"line":88,"column":8},"end":{"line":88,"column":7}}]},"5":{"line":98,"type":"cond-expr","locations":[{"start":{"line":98,"column":37},"end":{"line":98,"column":55}},{"start":{"line":98,"column":58},"end":{"line":98,"column":59}}]},"6":{"line":99,"type":"cond-expr","locations":[{"start":{"line":99,"column":34},"end":{"line":99,"column":43}},{"start":{"line":99,"column":46},"end":{"line":99,"column":53}}]}},"s":{"1":1,"2":1,"3":1,"4":6,"5":6,"6":1,"7":0,"8":0,"9":0,"10":0,"11":1,"12":1,"13":1,"14":4,"15":0,"16":0,"17":0,"18":1,"19":4,"20":4,"21":2,"22":2,"23":2,"24":1,"25":5,"26":5,"27":5,"28":1,"29":0,"30":0,"31":1},"b":{"1":[0,0],"2":[0,0],"3":[0,0],"4":[2,2],"5":[5,0],"6":[3,2]},"f":{"1":6,"2":0,"3":0,"4":1,"5":4,"6":0,"7":4,"8":5,"9":0,"10":0},"code":"import { Component, Input, ElementRef, HostListener, OnInit, ViewEncapsulation, OnDestroy } from '@angular/core';\nimport { VgAPI } from '../../core/services/vg-api';\nimport { Subscription } from 'rxjs/Subscription';\n\n\n@Component({\n    selector: 'vg-mute',\n    encapsulation: ViewEncapsulation.None,\n    template: `\n        <div class=\"icon\"\n             [class.vg-icon-volume_up]=\"getVolume() >= 0.75\"\n             [class.vg-icon-volume_down]=\"getVolume() >= 0.25 && getVolume() < 0.75\"\n             [class.vg-icon-volume_mute]=\"getVolume() > 0 && getVolume() < 0.25\"\n             [class.vg-icon-volume_off]=\"getVolume() === 0\"\n             tabindex=\"0\"\n             role=\"button\"\n             aria-label=\"mute button\"\n             [attr.aria-valuetext]=\"ariaValue\">\n        </div>`,\n    styles: [ `\n        vg-mute {\n            -webkit-touch-callout: none;\n            -webkit-user-select: none;\n            -khtml-user-select: none;\n            -moz-user-select: none;\n            -ms-user-select: none;\n            user-select: none;\n            display: flex;\n            justify-content: center;\n            height: 50px;\n            width: 50px;\n            cursor: pointer;\n            color: white;\n            line-height: 50px;\n        }\n\n        vg-mute .icon {\n            pointer-events: none;\n        }\n    ` ]\n})\nexport class VgMute implements OnInit, OnDestroy {\n    @Input() vgFor: string;\n    elem: HTMLElement;\n    target: any;\n\n    currentVolume: number;\n\n    subscriptions: Subscription[] = [];\n\n    ariaValue = 'unmuted';\n\n    constructor(ref: ElementRef, public API: VgAPI) {\n        this.elem = ref.nativeElement;\n    }\n\n    ngOnInit() {\n        if (this.API.isPlayerReady) {\n            this.onPlayerReady();\n        }\n        else {\n            this.subscriptions.push(this.API.playerReadyEvent.subscribe(() => this.onPlayerReady()));\n        }\n    }\n\n    onPlayerReady() {\n        this.target = this.API.getMediaById(this.vgFor);\n        this.currentVolume = this.target.volume;\n    }\n\n    @HostListener('click')\n    onClick() {\n        this.changeMuteState();\n    }\n\n    @HostListener('keydown', ['$event'])\n    onKeyDown(event: KeyboardEvent) {\n        // On press Enter (13) or Space (32)\n        if (event.keyCode === 13 || event.keyCode === 32) {\n            event.preventDefault();\n            this.changeMuteState();\n        }\n    }\n\n    changeMuteState() {\n        let volume = this.getVolume();\n\n        if (volume === 0) {\n            this.target.volume = this.currentVolume;\n        }\n        else {\n            this.currentVolume = volume;\n            this.target.volume = 0;\n        }\n    }\n\n    getVolume() {\n        const volume = this.target ? this.target.volume : 0;\n        this.ariaValue = volume ? 'unmuted' : 'muted';\n        return volume;\n    }\n\n    ngOnDestroy() {\n        this.subscriptions.forEach(s => s.unsubscribe());\n    }\n}\n","l":{"1":1,"2":1,"42":1,"53":6,"54":6,"57":1,"58":0,"59":0,"62":0,"66":1,"67":1,"68":1,"73":4,"79":0,"80":0,"81":0,"85":1,"86":4,"88":4,"89":2,"92":2,"93":2,"97":1,"98":5,"99":5,"100":5,"103":1,"104":0}},
"/Users/jorgeucano/Documents/OSS/videogular2/src/controls/vg-scrub-bar/vg-scrub-bar-buffering-time/vg-scrub-bar-buffering-time.ts":{"path":"/Users/jorgeucano/Documents/OSS/videogular2/src/controls/vg-scrub-bar/vg-scrub-bar-buffering-time/vg-scrub-bar-buffering-time.ts","statementMap":{"1":{"start":{"line":1,"column":0},"end":{"line":1,"column":99}},"2":{"start":{"line":2,"column":0},"end":{"line":2,"column":54}},"3":{"start":{"line":42,"column":4},"end":{"line":44,"column":5}},"4":{"start":{"line":42,"column":40},"end":{"line":42,"column":50}},"5":{"start":{"line":43,"column":8},"end":{"line":43,"column":38}},"6":{"start":{"line":46,"column":4},"end":{"line":53,"column":5}},"7":{"start":{"line":47,"column":8},"end":{"line":52,"column":9}},"8":{"start":{"line":48,"column":12},"end":{"line":48,"column":33}},"9":{"start":{"line":51,"column":12},"end":{"line":51,"column":101}},"10":{"start":{"line":51,"column":78},"end":{"line":51,"column":98}},"11":{"start":{"line":55,"column":4},"end":{"line":57,"column":5}},"12":{"start":{"line":56,"column":8},"end":{"line":56,"column":56}},"13":{"start":{"line":59,"column":4},"end":{"line":72,"column":5}},"14":{"start":{"line":60,"column":8},"end":{"line":60,"column":30}},"15":{"start":{"line":62,"column":8},"end":{"line":69,"column":9}},"16":{"start":{"line":63,"column":12},"end":{"line":68,"column":13}},"17":{"start":{"line":64,"column":16},"end":{"line":64,"column":34}},"18":{"start":{"line":67,"column":16},"end":{"line":67,"column":93}},"19":{"start":{"line":71,"column":8},"end":{"line":71,"column":26}},"20":{"start":{"line":74,"column":4},"end":{"line":76,"column":5}},"21":{"start":{"line":75,"column":8},"end":{"line":75,"column":57}},"22":{"start":{"line":75,"column":40},"end":{"line":75,"column":55}},"23":{"start":{"line":34,"column":13},"end":{"line":34,"column":36}}},"fnMap":{"1":{"name":"VgScrubBarBufferingTime","line":42,"loc":{"start":{"line":42,"column":4},"end":{"line":42,"column":50}}},"2":{"name":"(anonymous_3)","line":46,"loc":{"start":{"line":46,"column":4},"end":{"line":null,"column":-1}}},"3":{"name":"(anonymous_4)","line":51,"loc":{"start":{"line":51,"column":72},"end":{"line":51,"column":77}}},"4":{"name":"(anonymous_5)","line":55,"loc":{"start":{"line":55,"column":4},"end":{"line":null,"column":-1}}},"5":{"name":"(anonymous_6)","line":59,"loc":{"start":{"line":59,"column":4},"end":{"line":null,"column":-1}}},"6":{"name":"(anonymous_7)","line":74,"loc":{"start":{"line":74,"column":4},"end":{"line":null,"column":-1}}},"7":{"name":"(anonymous_8)","line":75,"loc":{"start":{"line":75,"column":35},"end":{"line":75,"column":36}}}},"branchMap":{"1":{"line":47,"type":"if","locations":[{"start":{"line":47,"column":8},"end":{"line":47,"column":7}},{"start":{"line":47,"column":8},"end":{"line":47,"column":7}}]},"2":{"line":62,"type":"if","locations":[{"start":{"line":62,"column":8},"end":{"line":62,"column":7}},{"start":{"line":62,"column":8},"end":{"line":62,"column":7}}]},"3":{"line":62,"type":"binary-expr","locations":[{"start":{"line":62,"column":12},"end":{"line":62,"column":23}},{"start":{"line":62,"column":27},"end":{"line":62,"column":45}},{"start":{"line":62,"column":49},"end":{"line":62,"column":76}}]},"4":{"line":63,"type":"if","locations":[{"start":{"line":63,"column":12},"end":{"line":63,"column":11}},{"start":{"line":63,"column":12},"end":{"line":63,"column":11}}]}},"s":{"1":1,"2":1,"3":1,"4":4,"5":4,"6":1,"7":0,"8":0,"9":0,"10":0,"11":1,"12":1,"13":1,"14":3,"15":3,"16":2,"17":0,"18":2,"19":3,"20":1,"21":0,"22":0,"23":1},"b":{"1":[0,0],"2":[2,1],"3":[3,3,2],"4":[0,2]},"f":{"1":4,"2":0,"3":0,"4":1,"5":3,"6":0,"7":0},"code":"import { Component, Input, ElementRef, OnInit, ViewEncapsulation, OnDestroy } from '@angular/core';\nimport { VgAPI } from '../../../core/services/vg-api';\nimport { Subscription } from 'rxjs/Subscription';\n\n@Component({\n    selector: 'vg-scrub-bar-buffering-time',\n    encapsulation: ViewEncapsulation.None,\n    template: `<div class=\"background\" [style.width]=\"getBufferTime()\"></div>`,\n    styles: [ `\n        vg-scrub-bar-buffering-time {\n            display: flex;\n            width: 100%;\n            height: 5px;\n            pointer-events: none;\n            position: absolute;\n        }\n\n        vg-scrub-bar-buffering-time .background {\n            background-color: rgba(255, 255, 255, 0.3);\n        }\n\n        vg-controls vg-scrub-bar-buffering-time {\n            position: absolute;\n            top: calc(50% - 3px);\n        }\n\n        vg-controls vg-scrub-bar-buffering-time .background {\n            -webkit-border-radius: 2px;\n            -moz-border-radius: 2px;\n            border-radius: 2px;\n        }\n    ` ]\n})\nexport class VgScrubBarBufferingTime implements OnInit, OnDestroy {\n    @Input() vgFor: string;\n\n    elem: HTMLElement;\n    target: any;\n\n    subscriptions: Subscription[] = [];\n\n    constructor(ref: ElementRef, public API: VgAPI) {\n        this.elem = ref.nativeElement;\n    }\n\n    ngOnInit() {\n        if (this.API.isPlayerReady) {\n            this.onPlayerReady();\n        }\n        else {\n            this.subscriptions.push(this.API.playerReadyEvent.subscribe(() => this.onPlayerReady()));\n        }\n    }\n\n    onPlayerReady() {\n        this.target = this.API.getMediaById(this.vgFor);\n    }\n\n    getBufferTime() {\n        let bufferTime = \"0%\";\n\n        if (this.target && this.target.buffer && this.target.buffered.length) {\n            if (this.target.time.total === 0) {\n                bufferTime = '0%';\n            }\n            else {\n                bufferTime = ((this.target.buffer.end / this.target.time.total) * 100) + '%';\n            }\n        }\n\n        return bufferTime;\n    }\n\n    ngOnDestroy() {\n        this.subscriptions.forEach(s => s.unsubscribe());\n    }\n}\n","l":{"1":1,"2":1,"34":1,"42":4,"43":4,"46":1,"47":0,"48":0,"51":0,"55":1,"56":1,"59":1,"60":3,"62":3,"63":2,"64":0,"67":2,"71":3,"74":1,"75":0}},
"/Users/jorgeucano/Documents/OSS/videogular2/src/controls/vg-playback-button/vg-playback-button.ts":{"path":"/Users/jorgeucano/Documents/OSS/videogular2/src/controls/vg-playback-button/vg-playback-button.ts","statementMap":{"1":{"start":{"line":1,"column":0},"end":{"line":1,"column":113}},"2":{"start":{"line":2,"column":0},"end":{"line":2,"column":51}},"3":{"start":{"line":54,"column":4},"end":{"line":58,"column":5}},"4":{"start":{"line":54,"column":40},"end":{"line":54,"column":50}},"5":{"start":{"line":55,"column":8},"end":{"line":55,"column":38}},"6":{"start":{"line":56,"column":8},"end":{"line":56,"column":61}},"7":{"start":{"line":57,"column":8},"end":{"line":57,"column":31}},"8":{"start":{"line":60,"column":4},"end":{"line":67,"column":5}},"9":{"start":{"line":61,"column":8},"end":{"line":66,"column":9}},"10":{"start":{"line":62,"column":12},"end":{"line":62,"column":33}},"11":{"start":{"line":65,"column":12},"end":{"line":65,"column":101}},"12":{"start":{"line":65,"column":78},"end":{"line":65,"column":98}},"13":{"start":{"line":69,"column":4},"end":{"line":71,"column":5}},"14":{"start":{"line":70,"column":8},"end":{"line":70,"column":56}},"15":{"start":{"line":75,"column":8},"end":{"line":75,"column":35}},"16":{"start":{"line":81,"column":8},"end":{"line":84,"column":9}},"17":{"start":{"line":82,"column":12},"end":{"line":82,"column":35}},"18":{"start":{"line":83,"column":12},"end":{"line":83,"column":39}},"19":{"start":{"line":87,"column":4},"end":{"line":96,"column":5}},"20":{"start":{"line":88,"column":8},"end":{"line":88,"column":79}},"21":{"start":{"line":90,"column":8},"end":{"line":95,"column":9}},"22":{"start":{"line":91,"column":12},"end":{"line":91,"column":83}},"23":{"start":{"line":94,"column":12},"end":{"line":94,"column":97}},"24":{"start":{"line":98,"column":4},"end":{"line":101,"column":5}},"25":{"start":{"line":99,"column":8},"end":{"line":99,"column":70}},"26":{"start":{"line":100,"column":8},"end":{"line":100,"column":30}},"27":{"start":{"line":103,"column":4},"end":{"line":105,"column":5}},"28":{"start":{"line":104,"column":8},"end":{"line":104,"column":57}},"29":{"start":{"line":104,"column":40},"end":{"line":104,"column":55}},"30":{"start":{"line":41,"column":13},"end":{"line":41,"column":29}}},"fnMap":{"1":{"name":"VgPlaybackButton","line":54,"loc":{"start":{"line":54,"column":4},"end":{"line":54,"column":50}}},"2":{"name":"(anonymous_3)","line":60,"loc":{"start":{"line":60,"column":4},"end":{"line":null,"column":-1}}},"3":{"name":"(anonymous_4)","line":65,"loc":{"start":{"line":65,"column":72},"end":{"line":65,"column":77}}},"4":{"name":"(anonymous_5)","line":69,"loc":{"start":{"line":69,"column":4},"end":{"line":null,"column":-1}}},"5":{"name":"(anonymous_6)","line":74,"loc":{"start":{"line":74,"column":11},"end":{"line":null,"column":-1}}},"6":{"name":"(anonymous_7)","line":79,"loc":{"start":{"line":79,"column":13},"end":{"line":79,"column":34}}},"7":{"name":"(anonymous_8)","line":87,"loc":{"start":{"line":87,"column":4},"end":{"line":null,"column":-1}}},"8":{"name":"(anonymous_9)","line":98,"loc":{"start":{"line":98,"column":4},"end":{"line":null,"column":-1}}},"9":{"name":"(anonymous_10)","line":103,"loc":{"start":{"line":103,"column":4},"end":{"line":null,"column":-1}}},"10":{"name":"(anonymous_11)","line":104,"loc":{"start":{"line":104,"column":35},"end":{"line":104,"column":36}}}},"branchMap":{"1":{"line":61,"type":"if","locations":[{"start":{"line":61,"column":8},"end":{"line":61,"column":7}},{"start":{"line":61,"column":8},"end":{"line":61,"column":7}}]},"2":{"line":81,"type":"if","locations":[{"start":{"line":81,"column":8},"end":{"line":81,"column":7}},{"start":{"line":81,"column":8},"end":{"line":81,"column":7}}]},"3":{"line":81,"type":"binary-expr","locations":[{"start":{"line":81,"column":12},"end":{"line":81,"column":32}},{"start":{"line":81,"column":36},"end":{"line":81,"column":56}}]},"4":{"line":90,"type":"if","locations":[{"start":{"line":90,"column":8},"end":{"line":90,"column":7}},{"start":{"line":90,"column":8},"end":{"line":90,"column":7}}]},"5":{"line":99,"type":"cond-expr","locations":[{"start":{"line":99,"column":39},"end":{"line":99,"column":63}},{"start":{"line":99,"column":66},"end":{"line":99,"column":69}}]}},"s":{"1":1,"2":1,"3":1,"4":5,"5":5,"6":5,"7":5,"8":1,"9":0,"10":0,"11":0,"12":0,"13":1,"14":1,"15":3,"16":0,"17":0,"18":0,"19":1,"20":3,"21":3,"22":2,"23":1,"24":1,"25":0,"26":0,"27":1,"28":0,"29":0,"30":1},"b":{"1":[0,0],"2":[0,0],"3":[0,0],"4":[2,1],"5":[0,0]},"f":{"1":5,"2":0,"3":0,"4":1,"5":3,"6":0,"7":3,"8":0,"9":0,"10":0},"code":"import { Component, Input, ElementRef, HostListener, OnInit, ViewEncapsulation, OnDestroy } from '@angular/core';\nimport { VgAPI } from '../../core/services/vg-api';\nimport { Subscription } from 'rxjs/Subscription';\n\n@Component({\n    selector: 'vg-playback-button',\n    encapsulation: ViewEncapsulation.None,\n    template: `\n    <span class=\"button\"\n          tabindex=\"0\"\n          role=\"button\"\n          aria-label=\"playback speed button\"\n          [attr.aria-valuetext]=\"ariaValue\">\n        {{getPlaybackRate()}}x\n    </span>`,\n    styles: [ `\n        vg-playback-button {\n            -webkit-touch-callout: none;\n            -webkit-user-select: none;\n            -moz-user-select: none;\n            -ms-user-select: none;\n            user-select: none;\n            display: flex;\n            justify-content: center;\n            height: 50px;\n            width: 50px;\n            cursor: pointer;\n            color: white;\n            line-height: 50px;\n            font-family: Helvetica Neue, Helvetica, Arial, sans-serif;\n        }\n\n        vg-playback-button .button {\n            display: flex;\n            align-items: center;\n            justify-content: center;\n            width: 50px;\n        }\n    ` ]\n})\nexport class VgPlaybackButton implements OnInit, OnDestroy {\n    @Input() vgFor: string;\n\n    elem: HTMLElement;\n    target: any;\n\n    @Input() playbackValues: Array<string>;\n    playbackIndex: number;\n\n    subscriptions: Subscription[] = [];\n\n    ariaValue = 1;\n\n    constructor(ref: ElementRef, public API: VgAPI) {\n        this.elem = ref.nativeElement;\n        this.playbackValues = [ '0.5', '1.0', '1.5', '2.0' ];\n        this.playbackIndex = 1;\n    }\n\n    ngOnInit() {\n        if (this.API.isPlayerReady) {\n            this.onPlayerReady();\n        }\n        else {\n            this.subscriptions.push(this.API.playerReadyEvent.subscribe(() => this.onPlayerReady()));\n        }\n    }\n\n    onPlayerReady() {\n        this.target = this.API.getMediaById(this.vgFor);\n    }\n\n    @HostListener('click')\n    onClick() {\n        this.updatePlaybackSpeed();\n    }\n\n    @HostListener('keydown', ['$event'])\n    onKeyDown(event: KeyboardEvent) {\n        // On press Enter (13) or Space (32)\n        if (event.keyCode === 13 || event.keyCode === 32) {\n            event.preventDefault();\n            this.updatePlaybackSpeed();\n        }\n    }\n\n    updatePlaybackSpeed() {\n        this.playbackIndex = ++this.playbackIndex % this.playbackValues.length;\n\n        if (this.target instanceof VgAPI) {\n            this.target.playbackRate = (this.playbackValues[ this.playbackIndex ]);\n        }\n        else {\n            this.target.playbackRate[ this.vgFor ] = (this.playbackValues[ this.playbackIndex ]);\n        }\n    }\n\n    getPlaybackRate() {\n        this.ariaValue = this.target ? this.target.playbackRate : 1.0;\n        return this.ariaValue;\n    }\n\n    ngOnDestroy() {\n        this.subscriptions.forEach(s => s.unsubscribe());\n    }\n}\n","l":{"1":1,"2":1,"41":1,"54":5,"55":5,"56":5,"57":5,"60":1,"61":0,"62":0,"65":0,"69":1,"70":1,"75":3,"81":0,"82":0,"83":0,"87":1,"88":3,"90":3,"91":2,"94":1,"98":1,"99":0,"100":0,"103":1,"104":0}},
"/Users/jorgeucano/Documents/OSS/videogular2/src/controls/vg-track-selector/vg-track-selector.ts":{"path":"/Users/jorgeucano/Documents/OSS/videogular2/src/controls/vg-track-selector/vg-track-selector.ts","statementMap":{"1":{"start":{"line":1,"column":0},"end":{"line":1,"column":99}},"2":{"start":{"line":2,"column":0},"end":{"line":2,"column":51}},"3":{"start":{"line":98,"column":4},"end":{"line":100,"column":5}},"4":{"start":{"line":98,"column":40},"end":{"line":98,"column":50}},"5":{"start":{"line":99,"column":8},"end":{"line":99,"column":38}},"6":{"start":{"line":102,"column":4},"end":{"line":109,"column":5}},"7":{"start":{"line":103,"column":8},"end":{"line":108,"column":9}},"8":{"start":{"line":104,"column":12},"end":{"line":104,"column":33}},"9":{"start":{"line":107,"column":12},"end":{"line":107,"column":101}},"10":{"start":{"line":107,"column":78},"end":{"line":107,"column":98}},"11":{"start":{"line":111,"column":4},"end":{"line":135,"column":5}},"12":{"start":{"line":112,"column":8},"end":{"line":112,"column":56}},"13":{"start":{"line":114,"column":8},"end":{"line":121,"column":16}},"14":{"start":{"line":115,"column":43},"end":{"line":115,"column":67}},"15":{"start":{"line":116,"column":48},"end":{"line":116,"column":73}},"16":{"start":{"line":117,"column":45},"end":{"line":121,"column":14}},"17":{"start":{"line":123,"column":8},"end":{"line":130,"column":10}},"18":{"start":{"line":128,"column":55},"end":{"line":128,"column":78}},"19":{"start":{"line":132,"column":8},"end":{"line":132,"column":96}},"20":{"start":{"line":132,"column":67},"end":{"line":132,"column":89}},"21":{"start":{"line":133,"column":8},"end":{"line":133,"column":38}},"22":{"start":{"line":134,"column":8},"end":{"line":134,"column":37}},"23":{"start":{"line":137,"column":4},"end":{"line":151,"column":5}},"24":{"start":{"line":138,"column":8},"end":{"line":138,"column":67}},"25":{"start":{"line":140,"column":8},"end":{"line":140,"column":45}},"26":{"start":{"line":142,"column":8},"end":{"line":150,"column":15}},"27":{"start":{"line":144,"column":16},"end":{"line":149,"column":17}},"28":{"start":{"line":145,"column":20},"end":{"line":145,"column":48}},"29":{"start":{"line":146,"column":20},"end":{"line":146,"column":42}},"30":{"start":{"line":148,"column":20},"end":{"line":148,"column":41}},"31":{"start":{"line":153,"column":4},"end":{"line":155,"column":5}},"32":{"start":{"line":154,"column":8},"end":{"line":154,"column":57}},"33":{"start":{"line":154,"column":40},"end":{"line":154,"column":55}},"34":{"start":{"line":86,"column":13},"end":{"line":86,"column":28}}},"fnMap":{"1":{"name":"VgTrackSelector","line":98,"loc":{"start":{"line":98,"column":4},"end":{"line":98,"column":50}}},"2":{"name":"(anonymous_3)","line":102,"loc":{"start":{"line":102,"column":4},"end":{"line":null,"column":-1}}},"3":{"name":"(anonymous_4)","line":107,"loc":{"start":{"line":107,"column":72},"end":{"line":107,"column":77}}},"4":{"name":"(anonymous_5)","line":111,"loc":{"start":{"line":111,"column":4},"end":{"line":null,"column":-1}}},"5":{"name":"(anonymous_6)","line":115,"loc":{"start":{"line":115,"column":20},"end":{"line":115,"column":38}}},"6":{"name":"(anonymous_7)","line":116,"loc":{"start":{"line":116,"column":20},"end":{"line":116,"column":43}}},"7":{"name":"(anonymous_8)","line":117,"loc":{"start":{"line":117,"column":17},"end":{"line":117,"column":40}}},"8":{"name":"(anonymous_9)","line":128,"loc":{"start":{"line":128,"column":37},"end":{"line":128,"column":50}}},"9":{"name":"(anonymous_10)","line":132,"loc":{"start":{"line":132,"column":49},"end":{"line":132,"column":62}}},"10":{"name":"(anonymous_11)","line":137,"loc":{"start":{"line":137,"column":4},"end":{"line":137,"column":31}}},"11":{"name":"(anonymous_12)","line":143,"loc":{"start":{"line":143,"column":21},"end":{"line":143,"column":37}}},"12":{"name":"(anonymous_13)","line":153,"loc":{"start":{"line":153,"column":4},"end":{"line":null,"column":-1}}},"13":{"name":"(anonymous_14)","line":154,"loc":{"start":{"line":154,"column":35},"end":{"line":154,"column":36}}}},"branchMap":{"1":{"line":103,"type":"if","locations":[{"start":{"line":103,"column":8},"end":{"line":103,"column":7}},{"start":{"line":103,"column":8},"end":{"line":103,"column":7}}]},"2":{"line":138,"type":"cond-expr","locations":[{"start":{"line":138,"column":52},"end":{"line":138,"column":56}},{"start":{"line":138,"column":59},"end":{"line":138,"column":66}}]},"3":{"line":144,"type":"if","locations":[{"start":{"line":144,"column":16},"end":{"line":144,"column":15}},{"start":{"line":144,"column":16},"end":{"line":144,"column":15}}]}},"s":{"1":1,"2":1,"3":1,"4":6,"5":6,"6":1,"7":0,"8":0,"9":0,"10":0,"11":1,"12":4,"13":4,"14":17,"15":8,"16":8,"17":4,"18":8,"19":4,"20":12,"21":4,"22":4,"23":3,"24":2,"25":2,"26":2,"27":4,"28":1,"29":1,"30":3,"31":1,"32":0,"33":0,"34":1},"b":{"1":[0,0],"2":[0,2],"3":[1,3]},"f":{"1":6,"2":0,"3":0,"4":4,"5":17,"6":8,"7":8,"8":8,"9":12,"10":2,"11":4,"12":0,"13":0},"code":"import { Component, ElementRef, OnInit, Input, ViewEncapsulation, OnDestroy } from '@angular/core';\nimport { VgAPI } from '../../core/services/vg-api';\nimport { Subscription } from 'rxjs/Subscription';\n\nexport interface Option {\n    id: string;\n    label: string;\n    selected: boolean;\n}\n\n@Component({\n    selector: 'vg-track-selector',\n    encapsulation: ViewEncapsulation.None,\n    template: `\n        <div class=\"container\">\n            <div class=\"track-selected\"\n                 [class.vg-icon-closed_caption]=\"!trackSelected\">\n                {{ trackSelected || '' }}\n            </div>\n            \n            <select class=\"trackSelector\" \n                    (change)=\"selectTrack($event.target.value)\"\n                    tabindex=\"0\"\n                    aria-label=\"track selector\"\n                    [attr.aria-valuetext]=\"ariaValue\">\n                <option \n                    *ngFor=\"let track of tracks\"\n                    [value]=\"track.id\"\n                    [selected]=\"track.selected === true\">\n                    {{ track.label }}\n                </option>\n            </select>\n        </div>\n    `,\n    styles: [ `\n        vg-track-selector {\n            -webkit-touch-callout: none;\n            -webkit-user-select: none;\n            -moz-user-select: none;\n            -ms-user-select: none;\n            user-select: none;\n            display: flex;\n            justify-content: center;\n            width: 50px;\n            height: 50px;\n            cursor: pointer;\n            color: white;\n            line-height: 50px;\n        }\n        vg-track-selector .container {\n            position: relative;\n            display: flex;\n            flex-grow: 1;\n            align-items: center;\n            \n            padding: 0;\n            margin: 5px;\n        }\n        vg-track-selector select.trackSelector {\n            width: 50px;\n            padding: 5px 8px;\n            border: none;\n            background: none;\n            -webkit-appearance: none;\n            -moz-appearance: none;\n            appearance: none;\n            color: transparent;\n            font-size: 16px;\n        }\n        vg-track-selector .track-selected {\n            position: absolute;\n            width: 100%;\n            height: 50px;\n            top: -6px;\n            text-align: center;\n            text-transform: uppercase;\n            font-family: Helvetica Neue, Helvetica, Arial, sans-serif;\n            padding-top: 2px;\n            pointer-events: none;\n        }\n        vg-track-selector .vg-icon-closed_caption:before {\n            width: 100%;\n        }\n    ` ]\n})\nexport class VgTrackSelector implements OnInit, OnDestroy {\n    @Input() vgFor: string;\n\n    elem: HTMLElement;\n    target: any;\n    tracks: Array<Option>;\n    trackSelected: string;\n\n    subscriptions: Subscription[] = [];\n\n    ariaValue: string;\n\n    constructor(ref: ElementRef, public API: VgAPI) {\n        this.elem = ref.nativeElement;\n    }\n\n    ngOnInit() {\n        if (this.API.isPlayerReady) {\n            this.onPlayerReady();\n        }\n        else {\n            this.subscriptions.push(this.API.playerReadyEvent.subscribe(() => this.onPlayerReady()));\n        }\n    }\n\n    onPlayerReady() {\n        this.target = this.API.getMediaById(this.vgFor);\n\n        const subs: Array<Option> = Array.from((this.API.getMasterMedia().elem as HTMLMediaElement).children)\n            .filter((item: HTMLElement) => item.tagName === 'TRACK')\n            .filter((item: HTMLTrackElement) => item.kind === 'subtitles')\n            .map((item: HTMLTrackElement) => ({\n                label: item.label,\n                selected: item.default === true,\n                id: item.srclang\n            }));\n\n        this.tracks = [\n            ...subs,\n            {\n                id: null,\n                label: 'Off',\n                selected: subs.every((item: Option) => item.selected === false)\n            }\n        ];\n\n        const track: Option = this.tracks.filter((item: Option) => item.selected === true)[ 0 ];\n        this.trackSelected = track.id;\n        this.ariaValue = track.label;\n    }\n\n    selectTrack(trackId: string) {\n        this.trackSelected = (trackId === 'null') ? null : trackId;\n\n        this.ariaValue = 'No track selected';\n\n        Array.from((this.API.getMasterMedia().elem as HTMLMediaElement).textTracks)\n            .forEach((item: TextTrack) => {\n                if (item.language === trackId) {\n                    this.ariaValue = item.label;\n                    item.mode = 'showing';\n                } else {\n                    item.mode = 'hidden';\n                }\n            });\n    }\n\n    ngOnDestroy() {\n        this.subscriptions.forEach(s => s.unsubscribe());\n    }\n}\n","l":{"1":1,"2":1,"86":1,"98":6,"99":6,"102":1,"103":0,"104":0,"107":0,"111":1,"112":4,"114":4,"115":17,"116":8,"117":8,"123":4,"128":8,"132":12,"133":4,"134":4,"137":3,"138":2,"140":2,"142":2,"144":4,"145":1,"146":1,"148":3,"153":1,"154":0}},
"/Users/jorgeucano/Documents/OSS/videogular2/src/controls/vg-play-pause/vg-play-pause.ts":{"path":"/Users/jorgeucano/Documents/OSS/videogular2/src/controls/vg-play-pause/vg-play-pause.ts","statementMap":{"1":{"start":{"line":1,"column":0},"end":{"line":1,"column":113}},"2":{"start":{"line":2,"column":0},"end":{"line":2,"column":51}},"3":{"start":{"line":3,"column":0},"end":{"line":3,"column":55}},"4":{"start":{"line":50,"column":4},"end":{"line":52,"column":5}},"5":{"start":{"line":50,"column":40},"end":{"line":50,"column":50}},"6":{"start":{"line":51,"column":8},"end":{"line":51,"column":38}},"7":{"start":{"line":54,"column":4},"end":{"line":61,"column":5}},"8":{"start":{"line":55,"column":8},"end":{"line":60,"column":9}},"9":{"start":{"line":56,"column":12},"end":{"line":56,"column":33}},"10":{"start":{"line":59,"column":12},"end":{"line":59,"column":101}},"11":{"start":{"line":59,"column":78},"end":{"line":59,"column":98}},"12":{"start":{"line":63,"column":4},"end":{"line":65,"column":5}},"13":{"start":{"line":64,"column":8},"end":{"line":64,"column":56}},"14":{"start":{"line":69,"column":8},"end":{"line":69,"column":25}},"15":{"start":{"line":75,"column":8},"end":{"line":78,"column":9}},"16":{"start":{"line":76,"column":12},"end":{"line":76,"column":35}},"17":{"start":{"line":77,"column":12},"end":{"line":77,"column":29}},"18":{"start":{"line":81,"column":4},"end":{"line":94,"column":5}},"19":{"start":{"line":82,"column":8},"end":{"line":82,"column":36}},"20":{"start":{"line":84,"column":8},"end":{"line":93,"column":9}},"21":{"start":{"line":86,"column":16},"end":{"line":86,"column":36}},"22":{"start":{"line":87,"column":16},"end":{"line":87,"column":22}},"23":{"start":{"line":91,"column":16},"end":{"line":91,"column":35}},"24":{"start":{"line":92,"column":16},"end":{"line":92,"column":22}},"25":{"start":{"line":96,"column":4},"end":{"line":99,"column":5}},"26":{"start":{"line":97,"column":8},"end":{"line":97,"column":78}},"27":{"start":{"line":98,"column":8},"end":{"line":98,"column":30}},"28":{"start":{"line":101,"column":4},"end":{"line":103,"column":5}},"29":{"start":{"line":102,"column":8},"end":{"line":102,"column":57}},"30":{"start":{"line":102,"column":40},"end":{"line":102,"column":55}},"31":{"start":{"line":40,"column":13},"end":{"line":40,"column":24}}},"fnMap":{"1":{"name":"VgPlayPause","line":50,"loc":{"start":{"line":50,"column":4},"end":{"line":50,"column":50}}},"2":{"name":"(anonymous_3)","line":54,"loc":{"start":{"line":54,"column":4},"end":{"line":null,"column":-1}}},"3":{"name":"(anonymous_4)","line":59,"loc":{"start":{"line":59,"column":72},"end":{"line":59,"column":77}}},"4":{"name":"(anonymous_5)","line":63,"loc":{"start":{"line":63,"column":4},"end":{"line":null,"column":-1}}},"5":{"name":"(anonymous_6)","line":68,"loc":{"start":{"line":68,"column":11},"end":{"line":null,"column":-1}}},"6":{"name":"(anonymous_7)","line":73,"loc":{"start":{"line":73,"column":13},"end":{"line":73,"column":34}}},"7":{"name":"(anonymous_8)","line":81,"loc":{"start":{"line":81,"column":4},"end":{"line":null,"column":-1}}},"8":{"name":"(anonymous_9)","line":96,"loc":{"start":{"line":96,"column":4},"end":{"line":null,"column":-1}}},"9":{"name":"(anonymous_10)","line":101,"loc":{"start":{"line":101,"column":4},"end":{"line":null,"column":-1}}},"10":{"name":"(anonymous_11)","line":102,"loc":{"start":{"line":102,"column":35},"end":{"line":102,"column":36}}}},"branchMap":{"1":{"line":55,"type":"if","locations":[{"start":{"line":55,"column":8},"end":{"line":55,"column":7}},{"start":{"line":55,"column":8},"end":{"line":55,"column":7}}]},"2":{"line":75,"type":"if","locations":[{"start":{"line":75,"column":8},"end":{"line":75,"column":7}},{"start":{"line":75,"column":8},"end":{"line":75,"column":7}}]},"3":{"line":75,"type":"binary-expr","locations":[{"start":{"line":75,"column":12},"end":{"line":75,"column":32}},{"start":{"line":75,"column":36},"end":{"line":75,"column":56}}]},"4":{"line":85,"type":"switch","locations":[{"start":{"line":85,"column":12},"end":{"line":87,"column":22}},{"start":{"line":89,"column":12},"end":{"line":89,"column":36}},{"start":{"line":90,"column":12},"end":{"line":92,"column":22}}]},"5":{"line":97,"type":"cond-expr","locations":[{"start":{"line":97,"column":39},"end":{"line":97,"column":56}},{"start":{"line":97,"column":59},"end":{"line":97,"column":77}}]}},"s":{"1":1,"2":1,"3":1,"4":1,"5":5,"6":5,"7":1,"8":0,"9":0,"10":0,"11":0,"12":1,"13":1,"14":3,"15":0,"16":0,"17":0,"18":1,"19":3,"20":3,"21":1,"22":1,"23":2,"24":2,"25":1,"26":4,"27":4,"28":1,"29":0,"30":0,"31":1},"b":{"1":[0,0],"2":[0,0],"3":[0,0],"4":[1,1,2],"5":[4,0]},"f":{"1":5,"2":0,"3":0,"4":1,"5":3,"6":0,"7":3,"8":4,"9":0,"10":0},"code":"import { Component, ElementRef, HostListener, OnInit, Input, ViewEncapsulation, OnDestroy } from '@angular/core';\nimport { VgAPI } from '../../core/services/vg-api';\nimport { VgStates } from '../../core/states/vg-states';\nimport { Subscription } from 'rxjs/Subscription';\n\n@Component({\n    selector: 'vg-play-pause',\n    encapsulation: ViewEncapsulation.None,\n    template: `\n        <div class=\"icon\"\n             [class.vg-icon-pause]=\"getState() === 'playing'\"\n             [class.vg-icon-play_arrow]=\"getState() === 'paused' || getState() === 'ended'\"\n             tabindex=\"0\"\n             role=\"button\"\n             aria-label=\"play pause button\"\n             [attr.aria-valuetext]=\"ariaValue\">\n        </div>`,\n    styles: [ `\n        vg-play-pause {\n            -webkit-touch-callout: none;\n            -webkit-user-select: none;\n            -khtml-user-select: none;\n            -moz-user-select: none;\n            -ms-user-select: none;\n            user-select: none;\n            display: flex;\n            justify-content: center;\n            height: 50px;\n            width: 50px;\n            cursor: pointer;\n            color: white;\n            line-height: 50px;\n        }\n\n        vg-play-pause .icon {\n            pointer-events: none;\n        }\n    ` ]\n})\nexport class VgPlayPause implements OnInit, OnDestroy {\n    @Input() vgFor: string;\n\n    elem: HTMLElement;\n    target: any;\n\n    subscriptions: Subscription[] = [];\n\n    ariaValue = VgStates.VG_PAUSED;\n\n    constructor(ref: ElementRef, public API: VgAPI) {\n        this.elem = ref.nativeElement;\n    }\n\n    ngOnInit() {\n        if (this.API.isPlayerReady) {\n            this.onPlayerReady();\n        }\n        else {\n            this.subscriptions.push(this.API.playerReadyEvent.subscribe(() => this.onPlayerReady()));\n        }\n    }\n\n    onPlayerReady() {\n        this.target = this.API.getMediaById(this.vgFor);\n    }\n\n    @HostListener('click')\n    onClick() {\n        this.playPause();\n    }\n\n    @HostListener('keydown', ['$event'])\n    onKeyDown(event: KeyboardEvent) {\n        // On press Enter (13) or Space (32)\n        if (event.keyCode === 13 || event.keyCode === 32) {\n            event.preventDefault();\n            this.playPause();\n        }\n    }\n\n    playPause() {\n        let state = this.getState();\n\n        switch (state) {\n            case VgStates.VG_PLAYING:\n                this.target.pause();\n                break;\n\n            case VgStates.VG_PAUSED:\n            case VgStates.VG_ENDED:\n                this.target.play();\n                break;\n        }\n    }\n\n    getState() {\n        this.ariaValue = this.target ? this.target.state : VgStates.VG_PAUSED;\n        return this.ariaValue;\n    }\n\n    ngOnDestroy() {\n        this.subscriptions.forEach(s => s.unsubscribe());\n    }\n}\n","l":{"1":1,"2":1,"3":1,"40":1,"50":5,"51":5,"54":1,"55":0,"56":0,"59":0,"63":1,"64":1,"69":3,"75":0,"76":0,"77":0,"81":1,"82":3,"84":3,"86":1,"87":1,"91":2,"92":2,"96":1,"97":4,"98":4,"101":1,"102":0}},
"/Users/jorgeucano/Documents/OSS/videogular2/src/controls/vg-volume/vg-volume.ts":{"path":"/Users/jorgeucano/Documents/OSS/videogular2/src/controls/vg-volume/vg-volume.ts","statementMap":{"1":{"start":{"line":1,"column":0},"end":{"line":4,"column":23}},"2":{"start":{"line":5,"column":0},"end":{"line":5,"column":51}},"3":{"start":{"line":94,"column":4},"end":{"line":97,"column":5}},"4":{"start":{"line":94,"column":40},"end":{"line":94,"column":50}},"5":{"start":{"line":95,"column":8},"end":{"line":95,"column":38}},"6":{"start":{"line":96,"column":8},"end":{"line":96,"column":32}},"7":{"start":{"line":99,"column":4},"end":{"line":106,"column":5}},"8":{"start":{"line":100,"column":8},"end":{"line":105,"column":9}},"9":{"start":{"line":101,"column":12},"end":{"line":101,"column":33}},"10":{"start":{"line":104,"column":12},"end":{"line":104,"column":101}},"11":{"start":{"line":104,"column":78},"end":{"line":104,"column":98}},"12":{"start":{"line":108,"column":4},"end":{"line":111,"column":5}},"13":{"start":{"line":109,"column":8},"end":{"line":109,"column":56}},"14":{"start":{"line":110,"column":8},"end":{"line":110,"column":48}},"15":{"start":{"line":113,"column":4},"end":{"line":115,"column":5}},"16":{"start":{"line":114,"column":8},"end":{"line":114,"column":60}},"17":{"start":{"line":117,"column":4},"end":{"line":120,"column":5}},"18":{"start":{"line":118,"column":8},"end":{"line":118,"column":43}},"19":{"start":{"line":119,"column":8},"end":{"line":119,"column":31}},"20":{"start":{"line":124,"column":8},"end":{"line":126,"column":9}},"21":{"start":{"line":125,"column":12},"end":{"line":125,"column":64}},"22":{"start":{"line":131,"column":8},"end":{"line":136,"column":9}},"23":{"start":{"line":132,"column":12},"end":{"line":132,"column":36}},"24":{"start":{"line":133,"column":12},"end":{"line":135,"column":13}},"25":{"start":{"line":134,"column":16},"end":{"line":134,"column":68}},"26":{"start":{"line":141,"column":8},"end":{"line":148,"column":9}},"27":{"start":{"line":142,"column":12},"end":{"line":142,"column":35}},"28":{"start":{"line":143,"column":12},"end":{"line":143,"column":85}},"29":{"start":{"line":145,"column":13},"end":{"line":148,"column":9}},"30":{"start":{"line":146,"column":12},"end":{"line":146,"column":35}},"31":{"start":{"line":147,"column":12},"end":{"line":147,"column":85}},"32":{"start":{"line":151,"column":4},"end":{"line":156,"column":5}},"33":{"start":{"line":152,"column":8},"end":{"line":152,"column":79}},"34":{"start":{"line":153,"column":8},"end":{"line":153,"column":56}},"35":{"start":{"line":154,"column":8},"end":{"line":154,"column":52}},"36":{"start":{"line":155,"column":8},"end":{"line":155,"column":72}},"37":{"start":{"line":158,"column":4},"end":{"line":161,"column":5}},"38":{"start":{"line":159,"column":8},"end":{"line":159,"column":65}},"39":{"start":{"line":160,"column":8},"end":{"line":160,"column":50}},"40":{"start":{"line":163,"column":4},"end":{"line":165,"column":5}},"41":{"start":{"line":164,"column":8},"end":{"line":164,"column":52}},"42":{"start":{"line":167,"column":4},"end":{"line":169,"column":5}},"43":{"start":{"line":168,"column":8},"end":{"line":168,"column":57}},"44":{"start":{"line":168,"column":40},"end":{"line":168,"column":55}},"45":{"start":{"line":82,"column":13},"end":{"line":82,"column":21}}},"fnMap":{"1":{"name":"VgVolume","line":94,"loc":{"start":{"line":94,"column":4},"end":{"line":94,"column":50}}},"2":{"name":"(anonymous_3)","line":99,"loc":{"start":{"line":99,"column":4},"end":{"line":null,"column":-1}}},"3":{"name":"(anonymous_4)","line":104,"loc":{"start":{"line":104,"column":72},"end":{"line":104,"column":77}}},"4":{"name":"(anonymous_5)","line":108,"loc":{"start":{"line":108,"column":4},"end":{"line":null,"column":-1}}},"5":{"name":"(anonymous_6)","line":113,"loc":{"start":{"line":113,"column":4},"end":{"line":113,"column":38}}},"6":{"name":"(anonymous_7)","line":117,"loc":{"start":{"line":117,"column":4},"end":{"line":117,"column":42}}},"7":{"name":"(anonymous_8)","line":123,"loc":{"start":{"line":123,"column":10},"end":{"line":123,"column":37}}},"8":{"name":"(anonymous_9)","
[...]
te.bind(this));\n        this.playingObs = this.subscriptions.playing.subscribe(this.onStartPlaying.bind(this));\n        this.playObs = this.subscriptions.play.subscribe(this.onPlay.bind(this));\n        this.pauseObs = this.subscriptions.pause.subscribe(this.onPause.bind(this));\n        this.timeUpdateObs = this.subscriptions.timeUpdate.subscribe(this.onTimeUpdate.bind(this));\n        this.volumeChangeObs = this.subscriptions.volumeChange.subscribe(this.onVolumeChange.bind(this));\n        this.errorObs = this.subscriptions.error.subscribe(this.onError.bind(this));\n\n        if (this.vgMaster) {\n            this.api.playerReadyEvent.subscribe(\n                () => {\n                    this.prepareSync();\n                }\n            );\n        }\n    }\n\n    prepareSync() {\n        let canPlayAll: Array<Observable<any>> = [];\n\n        for (let media in this.api.medias) {\n            if (this.api.medias[ media ]) {\n                canPlayAll.push(this.api.medias[ media ].subscriptions.canPlay);\n            }\n        }\n\n        this.canPlayAllSubscription = Observable.combineLatest(canPlayAll,\n            (...params) => {\n                let allReady: boolean = params.some(event => event.target.readyState === 4);\n\n                if (allReady && !this.syncSubscription) {\n                    this.startSync();\n                    this.syncSubscription.unsubscribe();\n                }\n            }\n        ).subscribe();\n    }\n\n    startSync() {\n        this.syncSubscription = TimerObservable.create(0, 1000).subscribe(\n            () => {\n                for (let media in this.api.medias) {\n                    if (this.api.medias[ media ] !== this) {\n                        let diff: number = this.api.medias[ media ].currentTime - this.currentTime;\n\n                        if (diff < -0.3 || diff > 0.3) {\n                            this.playAtferSync = (this.state === VgStates.VG_PLAYING);\n\n                            this.pause();\n                            this.api.medias[ media ].pause();\n                            this.api.medias[ media ].currentTime = this.currentTime;\n                        }\n                        else {\n                            if (this.playAtferSync) {\n                                this.play();\n                                this.api.medias[ media ].play();\n                                this.playAtferSync = false;\n                            }\n                        }\n                    }\n                }\n            }\n        );\n    }\n\n    onMutation(mutations: Array<MutationRecord>) {\n        // Detect changes only for source elements or src attribute\n        for (let i=0, l=mutations.length; i<l; i++) {\n            let mut: MutationRecord = mutations[i];\n\n            if (mut.type === 'attributes' && mut.attributeName === 'src') {\n                // Only load src file if it's not a blob (for DASH / HLS sources)\n                if (mut.target['src'] && mut.target['src'].length > 0 && mut.target['src'].indexOf('blob:') < 0) {\n                    this.loadMedia();\n                    break;\n                }\n            } else if (mut.type === 'childList' && mut.removedNodes.length && mut.removedNodes[0].nodeName.toLowerCase() === 'source') {\n                this.loadMedia();\n                break;\n            }\n        }\n    }\n\n    loadMedia() {\n        this.vgMedia.pause();\n        this.vgMedia.currentTime = 0;\n\n        // Start buffering until we can play the media file\n        this.stopBufferCheck();\n        this.isBufferDetected = true;\n        this.bufferDetected.next(this.isBufferDetected);\n\n        // TODO: This is ugly, we should find something cleaner. For some reason a TimerObservable doesn't works.\n        setTimeout(() => this.vgMedia.load(), 10);\n    }\n\n    play() {\n        // short-circuit if already playing\n        if (this.playPromise || (this.state !== VgStates.VG_PAUSED && this.state !== VgStates.VG_ENDED)) {\n            return;\n        }\n\n        this.playPromise = this.vgMedia.play();\n\n        // browser has async play promise\n        if (this.playPromise && this.playPromise.then && this.playPromise.catch) {\n            this.playPromise\n                .then(() => {\n                    this.playPromise = null;\n                })\n                .catch(() => {\n                    // deliberately empty for the sake of eating console noise\n                });\n        }\n    }\n\n    pause() {\n        // browser has async play promise\n        if (this.playPromise) {\n            this.playPromise\n                .then(() => {\n                    this.vgMedia.pause();\n                });\n        }\n        else {\n            this.vgMedia.pause();\n        }\n    }\n\n    get id() {\n        // We should return undefined if vgMedia still doesn't exist\n        let result = undefined;\n\n        if (this.vgMedia) {\n            result = this.vgMedia.id;\n        }\n\n        return result;\n    }\n\n    get duration() {\n        return this.vgMedia.duration;\n    }\n\n    set currentTime(seconds) {\n        this.vgMedia.currentTime = seconds;\n        // this.elem.dispatchEvent(new CustomEvent(VgEvents.VG_SEEK));\n    }\n\n    get currentTime() {\n        return this.vgMedia.currentTime;\n    }\n\n    set volume(volume) {\n        this.vgMedia.volume = volume;\n    }\n\n    get volume() {\n        return this.vgMedia.volume;\n    }\n\n    set playbackRate(rate) {\n        this.vgMedia.playbackRate = rate;\n    }\n\n    get playbackRate() {\n        return this.vgMedia.playbackRate;\n    }\n\n    get buffered() {\n        return this.vgMedia.buffered;\n    }\n\n    get textTracks() {\n        return this.vgMedia.textTracks;\n    }\n\n    onCanPlay(event: any) {\n        this.isBufferDetected = false;\n        this.bufferDetected.next(this.isBufferDetected);\n        this.canPlay = true;\n        this.ref.detectChanges();\n    }\n\n    onCanPlayThrough(event: any) {\n        this.isBufferDetected = false;\n        this.bufferDetected.next(this.isBufferDetected);\n        this.canPlayThrough = true;\n        this.ref.detectChanges();\n    }\n\n    onLoadMetadata(event: any) {\n        this.isMetadataLoaded = true;\n\n        this.time = {\n            current: 0,\n            left: 0,\n            total: this.duration * 1000\n        };\n\n        this.state = VgStates.VG_PAUSED;\n\n        // Live streaming check\n        let t:number = Math.round(this.time.total);\n        this.isLive = (t === Infinity);\n        this.ref.detectChanges();\n    }\n\n    onWait(event: any) {\n        this.isWaiting = true;\n        this.ref.detectChanges();\n    }\n\n    onComplete(event: any) {\n        this.isCompleted = true;\n        this.state = VgStates.VG_ENDED;\n        this.ref.detectChanges();\n    }\n\n    onStartPlaying(event: any) {\n        this.state = VgStates.VG_PLAYING;\n        this.ref.detectChanges();\n    }\n\n    onPlay(event: any) {\n        this.state = VgStates.VG_PLAYING;\n\n        if (this.vgMaster) {\n            if (!this.syncSubscription || this.syncSubscription.closed) {\n                this.startSync();\n            }\n        }\n\n        this.startBufferCheck();\n        this.ref.detectChanges();\n    }\n\n    onPause(event: any) {\n        this.state = VgStates.VG_PAUSED;\n\n        if (this.vgMaster) {\n            if (!this.playAtferSync) {\n                this.syncSubscription.unsubscribe();\n            }\n        }\n\n        this.stopBufferCheck();\n        this.ref.detectChanges();\n    }\n\n    onTimeUpdate(event: any) {\n        let end = this.buffered.length - 1;\n\n        this.time = {\n            current: this.currentTime * 1000,\n            total: this.time.total,\n            left: (this.duration - this.currentTime) * 1000\n        };\n\n        if (end >= 0) {\n            this.buffer = { end: this.buffered.end(end) * 1000 };\n        }\n        this.ref.detectChanges();\n    }\n\n    onProgress(event: any) {\n        let end = this.buffered.length - 1;\n\n        if (end >= 0) {\n            this.buffer = { end: this.buffered.end(end) * 1000 };\n        }\n        this.ref.detectChanges();\n    }\n\n    onVolumeChange(event: any) {\n        // TODO: Save to localstorage the current volume\n        this.ref.detectChanges();\n    }\n\n    onError(event: any) {\n        // TODO: Handle error messages\n        this.ref.detectChanges();\n    }\n\n    // http://stackoverflow.com/a/23828241/779529\n    bufferCheck() {\n        const offset = 1 / this.checkInterval;\n        this.currentPlayPos = this.currentTime;\n\n        if (!this.isBufferDetected && this.currentPlayPos < (this.lastPlayPos + offset)) {\n            this.isBufferDetected = true;\n        }\n\n        if (this.isBufferDetected && this.currentPlayPos > (this.lastPlayPos + offset)) {\n            this.isBufferDetected = false;\n        }\n\n        // Prevent calls to bufferCheck after ngOnDestroy have been called\n        if (!this.bufferDetected.closed) {\n            this.bufferDetected.next(this.isBufferDetected);\n        }\n\n        this.lastPlayPos = this.currentPlayPos;\n    }\n\n    startBufferCheck() {\n        this.checkBufferSubscription = TimerObservable.create(0, this.checkInterval).subscribe(\n            () => {\n                this.bufferCheck();\n            }\n        );\n    }\n\n    stopBufferCheck() {\n        if (this.checkBufferSubscription) {\n            this.checkBufferSubscription.unsubscribe();\n        }\n\n        this.isBufferDetected = false;\n\n        this.bufferDetected.next(this.isBufferDetected);\n    }\n\n    seekTime(value:number, byPercent:boolean = false) {\n        let second:number;\n        let duration:number = this.duration;\n\n        if (byPercent) {\n            second = value * duration / 100;\n        }\n        else {\n            second = value;\n        }\n\n        this.currentTime = second;\n    }\n\n    addTextTrack(type:string, label?:string, language?:string, mode?:'disabled' | 'hidden' | 'showing'): TextTrack {\n        const newTrack:TextTrack = this.vgMedia.addTextTrack(type, label, language);\n\n        if (mode) {\n            newTrack.mode = mode;\n        }\n        return newTrack;\n    }\n\n    ngOnDestroy() {\n        this.vgMedia.src = '';\n        this.mutationObs.unsubscribe();\n        this.canPlayObs.unsubscribe();\n        this.canPlayThroughObs.unsubscribe();\n        this.loadedMetadataObs.unsubscribe();\n        this.waitingObs.unsubscribe();\n        this.progressObs.unsubscribe();\n        this.endedObs.unsubscribe();\n        this.playingObs.unsubscribe();\n        this.playObs.unsubscribe();\n        this.pauseObs.unsubscribe();\n        this.timeUpdateObs.unsubscribe();\n        this.volumeChangeObs.unsubscribe();\n        this.errorObs.unsubscribe();\n        \n        if (this.checkBufferSubscription) {\n            this.checkBufferSubscription.unsubscribe();\n        }\n\n        if(this.syncSubscription) {\n            this.syncSubscription.unsubscribe();\n        }\n        \n        this.bufferDetected.complete();\n        this.bufferDetected.unsubscribe();\n\n        this.api.unregisterMedia(this);\n    }\n}\n","l":{"1":1,"3":1,"4":1,"7":1,"8":1,"9":1,"10":1,"12":1,"13":1,"18":1,"67":29,"71":1,"72":0,"74":0,"77":0,"81":0,"83":0,"117":0,"118":0,"121":0,"123":0,"124":0,"133":0,"134":0,"135":0,"136":0,"137":0,"138":0,"139":0,"140":0,"141":0,"142":0,"143":0,"144":0,"145":0,"147":0,"148":0,"150":0,"156":1,"157":0,"159":0,"160":0,"161":0,"165":0,"166":0,"167":0,"169":0,"170":0,"171":0,"177":1,"178":0,"180":0,"181":0,"182":0,"184":0,"185":0,"187":0,"188":0,"189":0,"192":0,"193":0,"194":0,"195":0,"204":1,"206":1,"207":1,"209":1,"211":1,"212":1,"213":1,"215":0,"216":0,"217":0,"222":2,"223":1,"224":1,"227":1,"228":1,"229":1,"232":1,"235":2,"237":1,"238":0,"241":1,"244":1,"245":0,"247":0,"255":2,"257":1,"258":0,"260":0,"264":1,"268":1,"270":3,"272":3,"273":3,"276":3,"279":1,"280":4,"283":1,"284":1,"289":6,"292":1,"293":1,"297":1,"300":1,"301":1,"305":1,"308":1,"309":7,"312":1,"313":0,"316":1,"317":5,"318":5,"319":5,"320":5,"323":1,"324":1,"325":1,"326":1,"327":1,"330":1,"331":1,"333":1,"339":1,"342":1,"343":1,"344":1,"347":1,"348":1,"349":1,"352":1,"353":1,"354":1,"355":1,"358":1,"359":1,"360":1,"363":1,"364":1,"366":1,"367":0,"368":0,"372":1,"373":1,"376":1,"377":1,"379":1,"380":0,"381":0,"385":1,"386":1,"389":1,"390":2,"392":2,"398":2,"399":1,"401":2,"404":1,"405":2,"407":2,"408":1,"410":2,"413":1,"415":0,"418":1,"420":0,"424":1,"425":1,"426":1,"428":1,"429":0,"432":1,"433":0,"437":1,"438":1,"441":1,"444":2,"445":1,"447":1,"452":1,"453":2,"454":0,"457":2,"459":2,"462":1,"463":0,"464":0,"466":0,"467":0,"470":0,"473":0,"476":1,"477":0,"479":0,"480":0,"482":0,"485":1,"486":0,"487":0,"488":0,"489":0,"490":0,"491":0,"492":0,"493":0,"494":0,"495":0,"496":0,"497":0,"498":0,"499":0,"501":0,"502":0,"505":0,"506":0,"509":0,"510":0,"512":0}},
"/Users/jorgeucano/Documents/OSS/videogular2/src/core/vg-player/vg-player.ts":{"path":"/Users/jorgeucano/Documents/OSS/videogular2/src/core/vg-player/vg-player.ts","statementMap":{"1":{"start":{"line":1,"column":0},"end":{"line":10,"column":23}},"2":{"start":{"line":11,"column":0},"end":{"line":11,"column":43}},"3":{"start":{"line":12,"column":0},"end":{"line":12,"column":64}},"4":{"start":{"line":13,"column":0},"end":{"line":13,"column":47}},"5":{"start":{"line":14,"column":0},"end":{"line":14,"column":47}},"6":{"start":{"line":16,"column":0},"end":{"line":16,"column":66}},"7":{"start":{"line":64,"column":4},"end":{"line":68,"column":5}},"8":{"start":{"line":64,"column":40},"end":{"line":64,"column":50}},"9":{"start":{"line":64,"column":59},"end":{"line":64,"column":81}},"10":{"start":{"line":64,"column":91},"end":{"line":64,"column":123}},"11":{"start":{"line":65,"column":8},"end":{"line":65,"column":38}},"12":{"start":{"line":67,"column":8},"end":{"line":67,"column":44}},"13":{"start":{"line":70,"column":4},"end":{"line":82,"column":5}},"14":{"start":{"line":71,"column":8},"end":{"line":73,"column":11}},"15":{"start":{"line":72,"column":12},"end":{"line":72,"column":42}},"16":{"start":{"line":75,"column":8},"end":{"line":75,"column":48}},"17":{"start":{"line":77,"column":8},"end":{"line":77,"column":109}},"18":{"start":{"line":78,"column":8},"end":{"line":78,"column":104}},"19":{"start":{"line":80,"column":8},"end":{"line":80,"column":43}},"20":{"start":{"line":81,"column":8},"end":{"line":81,"column":42}},"21":{"start":{"line":84,"column":4},"end":{"line":91,"column":5}},"22":{"start":{"line":85,"column":8},"end":{"line":90,"column":9}},"23":{"start":{"line":86,"column":12},"end":{"line":86,"column":40}},"24":{"start":{"line":87,"column":12},"end":{"line":87,"column":76}},"25":{"start":{"line":89,"column":12},"end":{"line":89,"column":46}},"26":{"start":{"line":93,"column":4},"end":{"line":95,"column":5}},"27":{"start":{"line":94,"column":8},"end":{"line":94,"column":40}},"28":{"start":{"line":97,"column":4},"end":{"line":99,"column":5}},"29":{"start":{"line":98,"column":8},"end":{"line":98,"column":57}},"30":{"start":{"line":98,"column":40},"end":{"line":98,"column":55}},"31":{"start":{"line":45,"column":13},"end":{"line":45,"column":21}}},"fnMap":{"1":{"name":"VgPlayer","line":64,"loc":{"start":{"line":64,"column":4},"end":{"line":64,"column":123}}},"2":{"name":"(anonymous_3)","line":70,"loc":{"start":{"line":70,"column":4},"end":{"line":null,"column":-1}}},"3":{"name":"(anonymous_4)","line":71,"loc":{"start":{"line":71,"column":38},"end":{"line":71,"column":44}}},"4":{"name":"(anonymous_5)","line":84,"loc":{"start":{"line":84,"column":4},"end":{"line":84,"column":39}}},"5":{"name":"(anonymous_6)","line":93,"loc":{"start":{"line":93,"column":4},"end":{"line":93,"column":34}}},"6":{"name":"(anonymous_7)","line":97,"loc":{"start":{"line":97,"column":4},"end":{"line":null,"column":-1}}},"7":{"name":"(anonymous_8)","line":98,"loc":{"start":{"line":98,"column":35},"end":{"line":98,"column":36}}}},"branchMap":{"1":{"line":85,"type":"if","locations":[{"start":{"line":85,"column":8},"end":{"line":85,"column":7}},{"start":{"line":85,"column":8},"end":{"line":85,"column":7}}]},"2":{"line":87,"type":"cond-expr","locations":[{"start":{"line":87,"column":36},"end":{"line":87,"column":66}},{"start":{"line":87,"column":69},"end":{"line":87,"column":75}}]}},"s":{"1":1,"2":1,"3":1,"4":1,"5":1,"6":1,"7":1,"8":4,"9":4,"10":4,"11":4,"12":4,"13":2,"14":1,"15":0,"16":1,"17":1,"18":1,"19":1,"20":1,"21":1,"22":3,"23":2,"24":2,"25":1,"26":1,"27":0,"28":1,"29":0,"30":0,"31":1},"b":{"1":[2,1],"2":[1,1]},"f":{"1":4,"2":1,"3":0,"4":3,"5":0,"6":0,"7":0},"code":"import {\n    Output,\n    Component,\n    EventEmitter,\n    ElementRef,\n    HostBinding,\n    QueryList,\n    AfterContentInit,\n    ContentChildren, ViewEncapsulation, OnDestroy\n} from '@angular/core';\nimport { VgAPI } from '../services/vg-api';\nimport { VgFullscreenAPI } from '../services/vg-fullscreen-api';\nimport { VgUtils } from '../services/vg-utils';\nimport { VgMedia } from '../vg-media/vg-media';\nimport { Subscription } from 'rxjs/Subscription';\nimport { VgControlsHidden } from '../services/vg-controls-hidden';\n\n@Component({\n    selector: 'vg-player',\n    encapsulation: ViewEncapsulation.None,\n    template: `<ng-content></ng-content>`,\n    styles: [ `\n        vg-player {\n            font-family: 'videogular';\n            position: relative;\n            display: flex;\n            width: 100%;\n            height: 100%;\n            overflow: hidden;\n            background-color: black;\n        }\n\n        vg-player.fullscreen {\n            position: fixed;\n            left: 0;\n            top: 0;\n        }\n\n        vg-player.native-fullscreen.controls-hidden {\n            cursor: none;\n        }\n    ` ],\n    providers: [ VgAPI, VgFullscreenAPI, VgControlsHidden ]\n})\nexport class VgPlayer implements AfterContentInit, OnDestroy {\n    elem: HTMLElement;\n\n    @HostBinding('class.fullscreen') isFullscreen: boolean = false;\n    @HostBinding('class.native-fullscreen') isNativeFullscreen: boolean = false;\n    @HostBinding('class.controls-hidden') areControlsHidden: boolean = false;\n    @HostBinding('style.z-index') zIndex: string;\n\n    @Output()\n    onPlayerReady: EventEmitter<any> = new EventEmitter();\n\n    @Output()\n    onMediaReady: EventEmitter<any> = new EventEmitter();\n\n    @ContentChildren(VgMedia)\n    medias: QueryList<VgMedia>;\n\n    subscriptions: Subscription[] = [];\n\n    constructor(ref: ElementRef, public api: VgAPI, public fsAPI: VgFullscreenAPI, private controlsHidden: VgControlsHidden) {\n        this.elem = ref.nativeElement;\n\n        this.api.registerElement(this.elem);\n    }\n\n    ngAfterContentInit() {\n        this.medias.toArray().forEach((media) => {\n            this.api.registerMedia(media);\n        });\n\n        this.fsAPI.init(this.elem, this.medias);\n\n        this.subscriptions.push(this.fsAPI.onChangeFullscreen.subscribe(this.onChangeFullscreen.bind(this)));\n        this.subscriptions.push(this.controlsHidden.isHidden.subscribe(this.onHideControls.bind(this)));\n\n        this.api.onPlayerReady(this.fsAPI);\n        this.onPlayerReady.next(this.api);\n    }\n\n    onChangeFullscreen(fsState: boolean) {\n        if (!this.fsAPI.nativeFullscreen) {\n            this.isFullscreen = fsState;\n            this.zIndex = fsState ? VgUtils.getZIndex().toString() : 'auto';\n        } else {\n            this.isNativeFullscreen = fsState;\n        }\n    }\n\n    onHideControls(hidden: boolean) {\n        this.areControlsHidden = hidden;\n    }\n\n    ngOnDestroy() {\n        this.subscriptions.forEach(s => s.unsubscribe());\n    }\n}\n","l":{"1":1,"11":1,"12":1,"13":1,"14":1,"16":1,"45":1,"64":4,"65":4,"67":4,"70":2,"71":1,"72":0,"75":1,"77":1,"78":1,"80":1,"81":1,"84":1,"85":3,"86":2,"87":2,"89":1,"93":1,"94":0,"97":1,"98":0}}}
